2024/04/08 22:53:09 [INFO] /root/Conan/server/server.go:122 Start in Detect mode
2024/04/08 22:53:09 [INFO] /root/Conan/server/server.go:123 Target System is etcd
2024/04/08 22:53:09 [INFO] /root/Conan/server/monitor.go:35 Setup etcd cluster
2024/04/08 22:53:09 [INFO] /root/Conan/server/monitor.go:26 Monitor start
2024/04/08 22:53:09 [INFO] /root/Conan/server/monitor.go:37 /root/Conan/systems/etcd/setup.sh /root/Conan
2024/04/08 22:53:09 [INFO] /root/Conan/server/fuzzer.go:122 Init seed seq [FTP Before Leader MsgApp][FIP EnumCPUHog 88 for 4s at node2][FIP EnumMessageFault Omit]
2024/04/08 22:53:09 [INFO] /root/Conan/server/checker.go:19 Checker Start
2024/04/08 22:53:09 [INFO] /root/Conan/server/fuzzer.go:122 Init seed seq [FTP Before Leader MsgAppResp][FIP EnumCPUHog 69 for 3s at node2][FIP EnumRestartNode Node3][FIP EnumMessageFault  Delay for 1.306s ]
2024/04/08 22:53:09 [INFO] /root/Conan/server/fuzzer.go:122 Init seed seq [FTP Before Follower MsgApp][FIP EnumCPUHog 12 for 1s at node3][FIP EnumRestartNode Node3][FIP EnumNetworkLoss 94 at node2 for 4s][FIP EnumMessageFault  Modify term -5 ]
2024/04/08 22:53:09 [INFO] /root/Conan/server/fuzzer.go:122 Init seed seq [FTP Before Follower MsgAppResp][FIP EnumNetworkLoss 94 at node2 for 3s][FIP EnumMessageFault ]
2024/04/08 22:53:09 [INFO] /root/Conan/server/injector.go:19 Injector start
2024/04/08 22:53:24 [INFO] /root/Conan/server/monitor.go:53 /root/Conan/systems/etcd/findLeader.sh
2024/04/08 22:53:25 [INFO] /root/Conan/server/monitor.go:60 Current leader num 3

2024/04/08 22:53:25 [INFO] /root/Conan/server/monitor.go:62 Run etcd workload
2024/04/08 22:53:25 [INFO] /root/Conan/server/monitor.go:64 python3 /root/Conan/systems/etcd/workload/workload.py /root/Conan
2024/04/08 22:53:25 [INFO] /root/Conan/server/monitor.go:87 Current leader num 3

2024/04/08 22:53:25 [INFO] /root/Conan/server/server.go:31 Start Server....
2024/04/08 22:53:34 [INFO] /root/Conan/server/fuzzer.go:163 select seed seq [FTP Before Follower MsgAppResp][FIP EnumNetworkLoss 94 at node2 for 3s][FIP EnumMessageFault ]
2024/04/08 22:53:34 [INFO] /root/Conan/server/fuzzer.go:177 Select op *main.ModifyFIPOp
2024/04/08 22:53:34 [INFO] /root/Conan/server/operator.go:370 Modify args at 0 0
2024/04/08 22:53:34 [INFO] /root/Conan/server/action.go:160 0s 0
2024/04/08 22:53:34 [INFO] /root/Conan/server/monitor.go:35 Setup etcd cluster
2024/04/08 22:53:34 [INFO] /root/Conan/server/monitor.go:37 /root/Conan/systems/etcd/setup.sh /root/Conan
2024/04/08 22:53:46 [INFO] /root/Conan/server/injector.go:30 Injector run, receive testSeq [FTP Before Follower MsgAppResp][FIP EnumNetworkLoss 95 at node1 for 3s][FIP EnumMessageFault ]
2024/04/08 22:53:46 [INFO] /root/Conan/server/monitor.go:53 /root/Conan/systems/etcd/findLeader.sh
2024/04/08 22:53:46 [INFO] /root/Conan/server/monitor.go:60 Current leader num 3

2024/04/08 22:53:46 [INFO] /root/Conan/server/monitor.go:62 Run etcd workload
2024/04/08 22:53:46 [INFO] /root/Conan/server/monitor.go:64 python3 /root/Conan/systems/etcd/workload/workload.py /root/Conan
2024/04/08 22:53:46 [INFO] /root/Conan/server/injector.go:165 notification:  Before Leader MsgApp
2024/04/08 22:53:46 [INFO] /root/Conan/server/injector.go:166 FaultPoint:  Before Follower MsgAppResp
2024/04/08 22:53:46 [INFO] /root/Conan/server/injector.go:165 notification:  After Leader MsgApp
2024/04/08 22:53:46 [INFO] /root/Conan/server/injector.go:166 FaultPoint:  Before Follower MsgAppResp
2024/04/08 22:53:46 [INFO] /root/Conan/server/injector.go:165 notification:  Before Leader MsgApp
2024/04/08 22:53:46 [INFO] /root/Conan/server/injector.go:166 FaultPoint:  Before Follower MsgAppResp
2024/04/08 22:53:46 [INFO] /root/Conan/server/injector.go:165 notification:  After Leader MsgApp
2024/04/08 22:53:46 [INFO] /root/Conan/server/injector.go:166 FaultPoint:  Before Follower MsgAppResp
2024/04/08 22:53:46 [INFO] /root/Conan/server/injector.go:165 notification:  Before Follower MsgApp
2024/04/08 22:53:46 [INFO] /root/Conan/server/injector.go:166 FaultPoint:  Before Follower MsgAppResp
2024/04/08 22:53:46 [INFO] /root/Conan/server/injector.go:165 notification:  Before Follower MsgApp
2024/04/08 22:53:46 [INFO] /root/Conan/server/injector.go:170 Inject Fault!
2024/04/08 22:53:46 [INFO] /root/Conan/server/injector.go:166 FaultPoint:  Before Follower MsgAppResp
2024/04/08 22:53:46 [INFO] /root/Conan/server/action.go:214 /root/Conan/systems/etcd/fault/network_loss.sh 95 1 3
2024/04/08 22:53:46 [INFO] /root/Conan/server/monitor.go:87 Current leader num 3

2024/04/08 22:53:46 [INFO] /root/Conan/server/monitor.go:105 Fitness score: 0
2024/04/08 22:53:59 [INFO] /root/Conan/server/injector.go:42 Injector stop
2024/04/08 22:53:59 [INFO] /root/Conan/server/checker.go:27 Checker run
2024/04/08 22:53:59 [ERROR] /root/Conan/server/checker.go:31 No Value

2024/04/08 22:53:59 [ERROR] /root/Conan/server/checker.go:32 =====================CHECK ERROR=====================
2024/04/08 22:53:59 [INFO] /root/Conan/server/checker.go:49 Store sequence to file 1712588039.json
2024/04/08 22:53:59 [INFO] /root/Conan/server/action.go:160 0s 0
