2024/04/08 22:43:48 [INFO] /root/Conan/server/server.go:122 Start in Detect mode
2024/04/08 22:43:48 [INFO] /root/Conan/server/server.go:123 Target System is etcd
2024/04/08 22:43:48 [INFO] /root/Conan/server/monitor.go:35 Setup etcd cluster
2024/04/08 22:43:48 [INFO] /root/Conan/server/injector.go:19 Injector start
2024/04/08 22:43:48 [INFO] /root/Conan/server/monitor.go:37 /root/Conan/systems/etcd/setup.sh /root/Conan
2024/04/08 22:43:48 [INFO] /root/Conan/server/monitor.go:26 Monitor start
2024/04/08 22:43:48 [INFO] /root/Conan/server/fuzzer.go:122 Init seed seq [FTP Before Leader MsgApp][FIP EnumMessageFault Omit]
2024/04/08 22:43:48 [INFO] /root/Conan/server/fuzzer.go:122 Init seed seq [FTP Before Leader MsgAppResp][FIP EnumNetworkLoss 74 at node1 for 5s][FIP EnumMessageFault  Delay for 920ms  Modify term -2 ]
2024/04/08 22:43:48 [INFO] /root/Conan/server/fuzzer.go:122 Init seed seq [FTP Before Follower MsgApp][FIP EnumNetworkDelay 794ms for 3s at node1][FIP EnumMessageFault  Delay for 1.918s  Modify term -5 ]
2024/04/08 22:43:48 [INFO] /root/Conan/server/fuzzer.go:122 Init seed seq [FTP Before Follower MsgAppResp][FIP EnumNetworkLoss 88 at node1 for 2s][FIP EnumCPUHog 55 for 1s at node3][FIP EnumMessageFault  Delay for 224ms  Modify term -5 ]
2024/04/08 22:43:48 [INFO] /root/Conan/server/checker.go:19 Checker Start
2024/04/08 22:43:53 [INFO] /root/Conan/server/monitor.go:53 /root/Conan/systems/etcd/findLeader.sh
2024/04/08 22:43:53 [INFO] /root/Conan/server/monitor.go:60 Current leader num 2

2024/04/08 22:43:53 [INFO] /root/Conan/server/monitor.go:62 Run etcd workload
2024/04/08 22:43:53 [INFO] /root/Conan/server/monitor.go:64 python3 /root/Conan/systems/etcd/workload/workload.py
2024/04/08 22:43:53 [INFO] /root/Conan/server/monitor.go:87 Current leader num 2

2024/04/08 22:43:53 [INFO] /root/Conan/server/server.go:31 Start Server....
2024/04/08 22:44:13 [INFO] /root/Conan/server/fuzzer.go:163 select seed seq [FTP Before Leader MsgApp][FIP EnumMessageFault Omit]
2024/04/08 22:44:13 [INFO] /root/Conan/server/fuzzer.go:177 Select op *main.ModifyFIPOp
2024/04/08 22:44:13 [INFO] /root/Conan/server/operator.go:370 Modify args at 0 0
2024/04/08 22:44:13 [INFO] /root/Conan/server/action.go:160 0s 0
2024/04/08 22:44:13 [INFO] /root/Conan/server/monitor.go:35 Setup etcd cluster
2024/04/08 22:44:13 [INFO] /root/Conan/server/monitor.go:37 /root/Conan/systems/etcd/setup.sh /root/Conan
2024/04/08 22:44:18 [INFO] /root/Conan/server/injector.go:30 Injector run, receive testSeq [FTP Before Leader MsgApp][FIP EnumMessageFault ]
2024/04/08 22:44:18 [INFO] /root/Conan/server/monitor.go:53 /root/Conan/systems/etcd/findLeader.sh
2024/04/08 22:44:18 [INFO] /root/Conan/server/monitor.go:60 Current leader num 2

2024/04/08 22:44:18 [INFO] /root/Conan/server/monitor.go:62 Run etcd workload
2024/04/08 22:44:18 [INFO] /root/Conan/server/monitor.go:64 python3 /root/Conan/systems/etcd/workload/workload.py
2024/04/08 22:44:18 [INFO] /root/Conan/server/monitor.go:87 Current leader num 2

2024/04/08 22:44:18 [INFO] /root/Conan/server/monitor.go:105 Fitness score: 0
2024/04/08 22:44:38 [INFO] /root/Conan/server/injector.go:42 Injector stop
2024/04/08 22:44:38 [INFO] /root/Conan/server/checker.go:27 Checker run
2024/04/08 22:44:38 [ERROR] /root/Conan/server/checker.go:31 No Value

2024/04/08 22:44:38 [ERROR] /root/Conan/server/checker.go:32 =====================CHECK ERROR=====================
2024/04/08 22:44:38 [INFO] /root/Conan/server/checker.go:49 Store sequence to file 1712587478.json
2024/04/08 22:44:38 [INFO] /root/Conan/server/action.go:160 0s 0
2024/04/08 22:45:03 [INFO] /root/Conan/server/fuzzer.go:163 select seed seq [FTP Before Follower MsgAppResp][FIP EnumNetworkLoss 88 at node1 for 2s][FIP EnumCPUHog 55 for 1s at node3][FIP EnumMessageFault  Delay for 224ms  Modify term -5 ]
2024/04/08 22:45:03 [INFO] /root/Conan/server/fuzzer.go:177 Select op *main.InsertFIPOp
2024/04/08 22:45:03 [INFO] /root/Conan/server/operator.go:133 Insert FIP at 0 2
2024/04/08 22:45:03 [INFO] /root/Conan/server/action.go:160 224ms -5
2024/04/08 22:45:03 [INFO] /root/Conan/server/monitor.go:35 Setup etcd cluster
2024/04/08 22:45:03 [INFO] /root/Conan/server/monitor.go:37 /root/Conan/systems/etcd/setup.sh /root/Conan
2024/04/08 22:45:08 [INFO] /root/Conan/server/injector.go:30 Injector run, receive testSeq [FTP Before Follower MsgAppResp][FIP EnumNetworkLoss 88 at node1 for 2s][FIP EnumCPUHog 55 for 1s at node3][FIP EnumNetworkDelay 1238ms for 5s at node3][FIP EnumMessageFault  Delay for 224ms  Modify term -5 ]
2024/04/08 22:45:08 [INFO] /root/Conan/server/monitor.go:53 /root/Conan/systems/etcd/findLeader.sh
2024/04/08 22:45:08 [INFO] /root/Conan/server/monitor.go:60 Current leader num 2

2024/04/08 22:45:08 [INFO] /root/Conan/server/monitor.go:62 Run etcd workload
2024/04/08 22:45:08 [INFO] /root/Conan/server/monitor.go:64 python3 /root/Conan/systems/etcd/workload/workload.py
2024/04/08 22:45:09 [INFO] /root/Conan/server/monitor.go:87 Current leader num 2

2024/04/08 22:45:09 [INFO] /root/Conan/server/monitor.go:105 Fitness score: 0
2024/04/08 22:45:28 [INFO] /root/Conan/server/injector.go:42 Injector stop
2024/04/08 22:45:28 [INFO] /root/Conan/server/checker.go:27 Checker run
2024/04/08 22:45:28 [ERROR] /root/Conan/server/checker.go:31 No Value

2024/04/08 22:45:28 [ERROR] /root/Conan/server/checker.go:32 =====================CHECK ERROR=====================
2024/04/08 22:45:28 [INFO] /root/Conan/server/checker.go:49 Store sequence to file 1712587528.json
2024/04/08 22:45:28 [INFO] /root/Conan/server/action.go:160 224ms -5
