2024/04/08 20:50:01 [INFO] /root/Conan/server/server.go:131 Start in Detect mode
2024/04/08 20:50:01 [INFO] /root/Conan/server/server.go:132 Target System is etcd
2024/04/08 20:50:01 [INFO] /root/Conan/server/monitor.go:35 Setup etcd cluster
2024/04/08 20:50:01 [INFO] /root/Conan/server/injector.go:19 Injector start
2024/04/08 20:50:01 [INFO] /root/Conan/server/monitor.go:37 python3 /root/Conan/systems/etcd/setup.py
2024/04/08 20:50:01 [INFO] /root/Conan/server/monitor.go:26 Monitor start
2024/04/08 20:50:01 [INFO] /root/Conan/server/checker.go:19 Checker Start
2024/04/08 20:50:01 [INFO] /root/Conan/server/fuzzer.go:122 Init seed seq [FTP Before Leader MsgApp][FIP EnumCPUHog 75 for 5s at node3][FIP EnumMessageFault  Delay for 780ms  Modify term 3 ]
2024/04/08 20:50:01 [INFO] /root/Conan/server/fuzzer.go:122 Init seed seq [FTP Before Leader MsgAppResp][FIP EnumNetworkLoss 55 at node2 for 4s][FIP EnumNetworkLoss 68 at node1 for 2s][FIP EnumMessageFault ]
2024/04/08 20:50:01 [INFO] /root/Conan/server/fuzzer.go:122 Init seed seq [FTP Before Follower MsgApp][FIP EnumMessageFault ]
2024/04/08 20:50:01 [INFO] /root/Conan/server/fuzzer.go:122 Init seed seq [FTP Before Follower MsgAppResp][FIP EnumCPUHog 93 for 2s at node2][FIP EnumMessageFault  Delay for 324ms ]
2024/04/08 20:50:01 [INFO] /root/Conan/server/monitor.go:52 /root/Conan/systems/etcd/findLeader.sh
2024/04/08 20:50:01 [INFO] /root/Conan/server/monitor.go:59 Current leader num 2

2024/04/08 20:50:01 [INFO] /root/Conan/server/monitor.go:61 Run etcd workload
2024/04/08 20:50:01 [INFO] /root/Conan/server/monitor.go:63 python3 /root/Conan/systems/etcd/workload/workload.py
2024/04/08 20:50:01 [INFO] /root/Conan/server/monitor.go:86 Current leader num 2

2024/04/08 20:50:01 [INFO] /root/Conan/server/server.go:32 Start Server....
2024/04/08 20:50:26 [INFO] /root/Conan/server/fuzzer.go:163 select seed seq [FTP Before Leader MsgAppResp][FIP EnumNetworkLoss 55 at node2 for 4s][FIP EnumNetworkLoss 68 at node1 for 2s][FIP EnumMessageFault ]
2024/04/08 20:50:26 [INFO] /root/Conan/server/fuzzer.go:177 Select op *main.DeleteFIPOp
2024/04/08 20:50:26 [INFO] /root/Conan/server/operator.go:223 Delete FIP at 0 1
2024/04/08 20:50:26 [INFO] /root/Conan/server/action.go:160 0s 0
2024/04/08 20:50:26 [INFO] /root/Conan/server/monitor.go:35 Setup etcd cluster
2024/04/08 20:50:26 [INFO] /root/Conan/server/monitor.go:37 python3 /root/Conan/systems/etcd/setup.py
2024/04/08 20:50:26 [INFO] /root/Conan/server/injector.go:30 Injector run, receive testSeq [FTP Before Leader MsgAppResp][FIP EnumNetworkLoss 55 at node2 for 4s][FIP EnumMessageFault ]
2024/04/08 20:50:26 [INFO] /root/Conan/server/monitor.go:52 /root/Conan/systems/etcd/findLeader.sh
2024/04/08 20:50:26 [INFO] /root/Conan/server/monitor.go:59 Current leader num 2

2024/04/08 20:50:26 [INFO] /root/Conan/server/monitor.go:61 Run etcd workload
2024/04/08 20:50:26 [INFO] /root/Conan/server/monitor.go:63 python3 /root/Conan/systems/etcd/workload/workload.py
2024/04/08 20:50:26 [INFO] /root/Conan/server/monitor.go:86 Current leader num 2

2024/04/08 20:50:26 [INFO] /root/Conan/server/monitor.go:104 Fitness score: 0
2024/04/08 20:50:51 [INFO] /root/Conan/server/injector.go:42 Injector stop
2024/04/08 20:50:51 [INFO] /root/Conan/server/checker.go:27 Checker run
2024/04/08 20:50:51 [ERROR] /root/Conan/server/checker.go:31 No Value

2024/04/08 20:50:51 [ERROR] /root/Conan/server/checker.go:32 =====================CHECK ERROR=====================
2024/04/08 20:50:51 [INFO] /root/Conan/server/checker.go:49 Store sequence to file 1712580651.json
2024/04/08 20:50:51 [INFO] /root/Conan/server/action.go:160 0s 0
2024/04/08 20:51:16 [INFO] /root/Conan/server/fuzzer.go:163 select seed seq [FTP Before Follower MsgApp][FIP EnumMessageFault ]
2024/04/08 20:51:16 [INFO] /root/Conan/server/fuzzer.go:177 Select op *main.DeleteFTPOp
2024/04/08 20:51:16 [INFO] /root/Conan/server/action.go:160 0s 0
2024/04/08 20:51:16 [INFO] /root/Conan/server/monitor.go:35 Setup etcd cluster
2024/04/08 20:51:16 [INFO] /root/Conan/server/monitor.go:37 python3 /root/Conan/systems/etcd/setup.py
2024/04/08 20:51:16 [INFO] /root/Conan/server/injector.go:30 Injector run, receive testSeq [FTP Before Follower MsgApp][FIP EnumMessageFault ]
2024/04/08 20:51:16 [INFO] /root/Conan/server/monitor.go:52 /root/Conan/systems/etcd/findLeader.sh
2024/04/08 20:51:16 [INFO] /root/Conan/server/monitor.go:59 Current leader num 2

2024/04/08 20:51:16 [INFO] /root/Conan/server/monitor.go:61 Run etcd workload
2024/04/08 20:51:16 [INFO] /root/Conan/server/monitor.go:63 python3 /root/Conan/systems/etcd/workload/workload.py
2024/04/08 20:51:16 [INFO] /root/Conan/server/monitor.go:86 Current leader num 2

2024/04/08 20:51:16 [INFO] /root/Conan/server/monitor.go:104 Fitness score: 0
