2024/04/08 22:46:55 [INFO] /root/Conan/server/server.go:122 Start in Detect mode
2024/04/08 22:46:55 [INFO] /root/Conan/server/server.go:123 Target System is etcd
2024/04/08 22:46:55 [INFO] /root/Conan/server/monitor.go:35 Setup etcd cluster
2024/04/08 22:46:55 [INFO] /root/Conan/server/monitor.go:37 /root/Conan/systems/etcd/setup.sh /root/Conan
2024/04/08 22:46:55 [INFO] /root/Conan/server/checker.go:19 Checker Start
2024/04/08 22:46:55 [INFO] /root/Conan/server/injector.go:19 Injector start
2024/04/08 22:46:55 [INFO] /root/Conan/server/monitor.go:26 Monitor start
2024/04/08 22:46:55 [INFO] /root/Conan/server/fuzzer.go:122 Init seed seq [FTP Before Leader MsgApp][FIP EnumNetworkLoss 96 at node3 for 5s][FIP EnumMessageFault  Delay for 1.184s ]
2024/04/08 22:46:55 [INFO] /root/Conan/server/fuzzer.go:122 Init seed seq [FTP Before Leader MsgAppResp][FIP EnumMessageFault Omit]
2024/04/08 22:46:55 [INFO] /root/Conan/server/fuzzer.go:122 Init seed seq [FTP Before Follower MsgApp][FIP EnumCPUHog 98 for 2s at node3][FIP EnumNetworkDelay 1364ms for 3s at node2][FIP EnumNetworkDelay 1295ms for 4s at node2][FIP EnumMessageFault Omit]
2024/04/08 22:46:55 [INFO] /root/Conan/server/fuzzer.go:122 Init seed seq [FTP Before Follower MsgAppResp][FIP EnumNetworkLoss 83 at node3 for 4s][FIP EnumMessageFault Omit]
2024/04/08 22:47:11 [INFO] /root/Conan/server/monitor.go:53 /root/Conan/systems/etcd/findLeader.sh
2024/04/08 22:47:11 [INFO] /root/Conan/server/monitor.go:60 Current leader num 1

2024/04/08 22:47:11 [INFO] /root/Conan/server/monitor.go:62 Run etcd workload
2024/04/08 22:47:11 [INFO] /root/Conan/server/monitor.go:64 python3 /root/Conan/systems/etcd/workload/workload.py
2024/04/08 22:47:11 [INFO] /root/Conan/server/monitor.go:87 Current leader num 1

2024/04/08 22:47:11 [INFO] /root/Conan/server/server.go:31 Start Server....
2024/04/08 22:47:20 [INFO] /root/Conan/server/fuzzer.go:163 select seed seq [FTP Before Follower MsgApp][FIP EnumCPUHog 98 for 2s at node3][FIP EnumNetworkDelay 1364ms for 3s at node2][FIP EnumNetworkDelay 1295ms for 4s at node2][FIP EnumMessageFault Omit]
2024/04/08 22:47:20 [INFO] /root/Conan/server/fuzzer.go:177 Select op *main.DeleteFTPOp
2024/04/08 22:47:20 [INFO] /root/Conan/server/action.go:160 0s 0
2024/04/08 22:47:20 [INFO] /root/Conan/server/monitor.go:35 Setup etcd cluster
2024/04/08 22:47:20 [INFO] /root/Conan/server/monitor.go:37 /root/Conan/systems/etcd/setup.sh /root/Conan
2024/04/08 22:47:36 [INFO] /root/Conan/server/injector.go:30 Injector run, receive testSeq [FTP Before Follower MsgApp][FIP EnumCPUHog 98 for 2s at node3][FIP EnumNetworkDelay 1364ms for 3s at node2][FIP EnumMessageFault Omit][FIP EnumMessageFault Omit]
2024/04/08 22:47:36 [INFO] /root/Conan/server/monitor.go:53 /root/Conan/systems/etcd/findLeader.sh
2024/04/08 22:47:36 [INFO] /root/Conan/server/monitor.go:60 Current leader num 1

2024/04/08 22:47:36 [INFO] /root/Conan/server/monitor.go:62 Run etcd workload
2024/04/08 22:47:36 [INFO] /root/Conan/server/monitor.go:64 python3 /root/Conan/systems/etcd/workload/workload.py
2024/04/08 22:47:36 [INFO] /root/Conan/server/injector.go:165 notification:  Before Leader MsgApp
2024/04/08 22:47:36 [INFO] /root/Conan/server/injector.go:166 FaultPoint:  Before Follower MsgApp
2024/04/08 22:47:36 [INFO] /root/Conan/server/injector.go:165 notification:  After Leader MsgApp
2024/04/08 22:47:36 [INFO] /root/Conan/server/injector.go:166 FaultPoint:  Before Follower MsgApp
2024/04/08 22:47:36 [INFO] /root/Conan/server/injector.go:165 notification:  Before Leader MsgApp
2024/04/08 22:47:36 [INFO] /root/Conan/server/injector.go:166 FaultPoint:  Before Follower MsgApp
2024/04/08 22:47:36 [INFO] /root/Conan/server/injector.go:165 notification:  After Leader MsgApp
2024/04/08 22:47:36 [INFO] /root/Conan/server/injector.go:166 FaultPoint:  Before Follower MsgApp
2024/04/08 22:47:36 [INFO] /root/Conan/server/injector.go:170 Inject Fault!
2024/04/08 22:47:36 [INFO] /root/Conan/server/injector.go:170 Inject Fault!
2024/04/08 22:47:36 [INFO] /root/Conan/server/action.go:283 /root/Conan/systems/etcd/fault/network_delay.sh 1364 2 3
2024/04/08 22:47:36 [INFO] /root/Conan/server/action.go:249 /root/Conan/systems/etcd/fault/cpu_hog.sh 98 3 2
2024/04/08 22:47:36 [INFO] /root/Conan/server/action.go:249 /root/Conan/systems/etcd/fault/cpu_hog.sh 98 3 2
2024/04/08 22:47:36 [INFO] /root/Conan/server/action.go:283 /root/Conan/systems/etcd/fault/network_delay.sh 1364 2 3
2024/04/08 22:47:36 [ERROR] /root/Conan/server/action.go:286 
2024/04/08 22:47:36 [ERROR] /root/Conan/server/action.go:286 
2024/04/08 22:47:36 [INFO] /root/Conan/server/monitor.go:87 Current leader num 1

2024/04/08 22:47:36 [INFO] /root/Conan/server/monitor.go:105 Fitness score: 0
2024/04/08 22:47:45 [INFO] /root/Conan/server/injector.go:42 Injector stop
2024/04/08 22:47:45 [INFO] /root/Conan/server/checker.go:27 Checker run
2024/04/08 22:47:45 [ERROR] /root/Conan/server/checker.go:31 No Value

2024/04/08 22:47:45 [ERROR] /root/Conan/server/checker.go:32 =====================CHECK ERROR=====================
2024/04/08 22:47:45 [INFO] /root/Conan/server/checker.go:49 Store sequence to file 1712587665.json
2024/04/08 22:47:45 [INFO] /root/Conan/server/action.go:160 0s 0
2024/04/08 22:47:45 [INFO] /root/Conan/server/action.go:160 0s 0
