2024/04/08 22:49:42 [INFO] /root/Conan/server/server.go:122 Start in Detect mode
2024/04/08 22:49:42 [INFO] /root/Conan/server/server.go:123 Target System is etcd
2024/04/08 22:49:42 [INFO] /root/Conan/server/monitor.go:35 Setup etcd cluster
2024/04/08 22:49:42 [INFO] /root/Conan/server/monitor.go:37 /root/Conan/systems/etcd/setup.sh /root/Conan
2024/04/08 22:49:42 [INFO] /root/Conan/server/injector.go:19 Injector start
2024/04/08 22:49:42 [INFO] /root/Conan/server/fuzzer.go:122 Init seed seq [FTP Before Leader MsgApp][FIP EnumMessageFault  Modify term 1 ]
2024/04/08 22:49:42 [INFO] /root/Conan/server/fuzzer.go:122 Init seed seq [FTP Before Leader MsgAppResp][FIP EnumCPUHog 74 for 2s at node1][FIP EnumCPUHog 10 for 5s at node1][FIP EnumMessageFault  Modify term -5 ]
2024/04/08 22:49:42 [INFO] /root/Conan/server/fuzzer.go:122 Init seed seq [FTP Before Follower MsgApp][FIP EnumMessageFault  Delay for 1.173s ]
2024/04/08 22:49:42 [INFO] /root/Conan/server/fuzzer.go:122 Init seed seq [FTP Before Follower MsgAppResp][FIP EnumRestartNode Node1][FIP EnumRestartNode Node2][FIP EnumMessageFault  Delay for 125ms ]
2024/04/08 22:49:42 [INFO] /root/Conan/server/checker.go:19 Checker Start
2024/04/08 22:49:42 [INFO] /root/Conan/server/monitor.go:26 Monitor start
2024/04/08 22:49:58 [INFO] /root/Conan/server/monitor.go:53 /root/Conan/systems/etcd/findLeader.sh
2024/04/08 22:49:58 [INFO] /root/Conan/server/monitor.go:60 Current leader num 2

2024/04/08 22:49:58 [INFO] /root/Conan/server/monitor.go:62 Run etcd workload
2024/04/08 22:49:58 [INFO] /root/Conan/server/monitor.go:64 python3 /root/Conan/systems/etcd/workload/workload.py
2024/04/08 22:49:58 [INFO] /root/Conan/server/monitor.go:87 Current leader num 2

2024/04/08 22:49:58 [INFO] /root/Conan/server/server.go:31 Start Server....
2024/04/08 22:50:07 [INFO] /root/Conan/server/fuzzer.go:163 select seed seq [FTP Before Leader MsgApp][FIP EnumMessageFault  Modify term 1 ]
2024/04/08 22:50:07 [INFO] /root/Conan/server/fuzzer.go:177 Select op *main.ModifyFIPOp
2024/04/08 22:50:07 [INFO] /root/Conan/server/operator.go:370 Modify args at 0 0
2024/04/08 22:50:07 [INFO] /root/Conan/server/action.go:160 1.553s 1
2024/04/08 22:50:07 [INFO] /root/Conan/server/monitor.go:35 Setup etcd cluster
2024/04/08 22:50:07 [INFO] /root/Conan/server/monitor.go:37 /root/Conan/systems/etcd/setup.sh /root/Conan
2024/04/08 22:50:25 [INFO] /root/Conan/server/injector.go:30 Injector run, receive testSeq [FTP Before Leader MsgApp][FIP EnumMessageFault  Delay for 1.553s ]
2024/04/08 22:50:25 [INFO] /root/Conan/server/monitor.go:53 /root/Conan/systems/etcd/findLeader.sh
2024/04/08 22:50:25 [INFO] /root/Conan/server/monitor.go:60 Current leader num 2

2024/04/08 22:50:25 [INFO] /root/Conan/server/monitor.go:62 Run etcd workload
2024/04/08 22:50:25 [INFO] /root/Conan/server/monitor.go:64 python3 /root/Conan/systems/etcd/workload/workload.py
2024/04/08 22:50:25 [INFO] /root/Conan/server/injector.go:170 Inject Fault!
2024/04/08 22:50:30 [INFO] /root/Conan/server/monitor.go:69 System Error
2024/04/08 22:50:30 [INFO] /root/Conan/server/monitor.go:87 Current leader num 3

2024/04/08 22:50:30 [INFO] /root/Conan/server/monitor.go:99 System Timeout 4.995519621s
2024/04/08 22:50:30 [INFO] /root/Conan/server/monitor.go:105 Fitness score: 7
2024/04/08 22:50:32 [INFO] /root/Conan/server/injector.go:42 Injector stop
2024/04/08 22:50:32 [INFO] /root/Conan/server/checker.go:27 Checker run
2024/04/08 22:50:32 [ERROR] /root/Conan/server/checker.go:31 No Value

2024/04/08 22:50:32 [ERROR] /root/Conan/server/checker.go:32 =====================CHECK ERROR=====================
2024/04/08 22:50:32 [INFO] /root/Conan/server/checker.go:49 Store sequence to file 1712587832.json
2024/04/08 22:50:32 [INFO] /root/Conan/server/action.go:160 1.553s 1
