2024/04/08 23:08:56 [INFO] /root/Conan/server/server.go:122 Start in Detect mode
2024/04/08 23:08:56 [INFO] /root/Conan/server/server.go:123 Target System is etcd
2024/04/08 23:08:56 [INFO] /root/Conan/server/monitor.go:35 Setup etcd cluster
2024/04/08 23:08:56 [INFO] /root/Conan/server/monitor.go:37 /root/Conan/systems/etcd/setup.sh /root/Conan
2024/04/08 23:08:56 [INFO] /root/Conan/server/injector.go:19 Injector start
2024/04/08 23:08:56 [INFO] /root/Conan/server/fuzzer.go:122 Init seed seq [FTP Before Leader MsgApp][FIP EnumMessageFault Omit]
2024/04/08 23:08:56 [INFO] /root/Conan/server/checker.go:19 Checker Start
2024/04/08 23:08:56 [INFO] /root/Conan/server/fuzzer.go:122 Init seed seq [FTP Before Leader MsgAppResp][FIP EnumCPUHog 5 for 1s at node2][FIP EnumNetworkLoss 26 at node1 for 1s][FIP EnumCPUHog 11 for 3s at node3][FIP EnumMessageFault  Delay for 206ms  Modify term 2 ]
2024/04/08 23:08:56 [INFO] /root/Conan/server/fuzzer.go:122 Init seed seq [FTP Before Follower MsgApp][FIP EnumCPUHog 42 for 4s at node1][FIP EnumMessageFault  Modify term 4 ]
2024/04/08 23:08:56 [INFO] /root/Conan/server/fuzzer.go:122 Init seed seq [FTP Before Follower MsgAppResp][FIP EnumCPUHog 51 for 1s at node2][FIP EnumRestartNode Node3][FIP EnumNetworkDelay 621ms for 4s at node3][FIP EnumMessageFault  Delay for 1.262s ]
2024/04/08 23:08:56 [INFO] /root/Conan/server/monitor.go:26 Monitor start
2024/04/08 23:09:05 [INFO] /root/Conan/server/monitor.go:53 /root/Conan/systems/etcd/findLeader.sh
2024/04/08 23:09:05 [INFO] /root/Conan/server/monitor.go:60 Current leader num 3

2024/04/08 23:09:05 [INFO] /root/Conan/server/monitor.go:62 Run etcd workload
2024/04/08 23:09:05 [INFO] /root/Conan/server/monitor.go:64 python3 /root/Conan/systems/etcd/workload/workload.py /root/Conan
2024/04/08 23:09:06 [INFO] /root/Conan/server/monitor.go:87 Current leader num 3

2024/04/08 23:09:06 [INFO] /root/Conan/server/server.go:31 Start Server....
2024/04/08 23:09:21 [INFO] /root/Conan/server/fuzzer.go:163 select seed seq [FTP Before Follower MsgApp][FIP EnumCPUHog 42 for 4s at node1][FIP EnumMessageFault  Modify term 4 ]
2024/04/08 23:09:21 [INFO] /root/Conan/server/fuzzer.go:177 Select op *main.InsertFTPOp
2024/04/08 23:09:21 [INFO] /root/Conan/server/operator.go:94 Insert {MsgAppResp Follower Before [0xc00001a588]} at 1
2024/04/08 23:09:21 [INFO] /root/Conan/server/action.go:160 0s 4
2024/04/08 23:09:21 [INFO] /root/Conan/server/action.go:160 0s 2
2024/04/08 23:09:21 [INFO] /root/Conan/server/monitor.go:35 Setup etcd cluster
2024/04/08 23:09:21 [INFO] /root/Conan/server/monitor.go:37 /root/Conan/systems/etcd/setup.sh /root/Conan
2024/04/08 23:09:37 [INFO] /root/Conan/server/injector.go:30 Injector run, receive testSeq [FTP Before Follower MsgApp][FIP EnumCPUHog 42 for 4s at node1][FIP EnumMessageFault  Modify term 4 ][FTP Before Follower MsgAppResp][FIP EnumMessageFault  Modify term 2 ]
2024/04/08 23:09:37 [INFO] /root/Conan/server/monitor.go:53 /root/Conan/systems/etcd/findLeader.sh
2024/04/08 23:09:37 [INFO] /root/Conan/server/monitor.go:60 Current leader num 3

2024/04/08 23:09:37 [INFO] /root/Conan/server/monitor.go:62 Run etcd workload
2024/04/08 23:09:37 [INFO] /root/Conan/server/monitor.go:64 python3 /root/Conan/systems/etcd/workload/workload.py /root/Conan
2024/04/08 23:09:37 [INFO] /root/Conan/server/injector.go:165 notification:  Before Leader MsgApp
2024/04/08 23:09:37 [INFO] /root/Conan/server/injector.go:166 FaultPoint:  Before Follower MsgApp
2024/04/08 23:09:37 [INFO] /root/Conan/server/injector.go:165 notification:  After Leader MsgApp
2024/04/08 23:09:37 [INFO] /root/Conan/server/injector.go:166 FaultPoint:  Before Follower MsgApp
2024/04/08 23:09:37 [INFO] /root/Conan/server/injector.go:165 notification:  Before Leader MsgApp
2024/04/08 23:09:37 [INFO] /root/Conan/server/injector.go:166 FaultPoint:  Before Follower MsgApp
2024/04/08 23:09:37 [INFO] /root/Conan/server/injector.go:165 notification:  After Leader MsgApp
2024/04/08 23:09:37 [INFO] /root/Conan/server/injector.go:166 FaultPoint:  Before Follower MsgApp
2024/04/08 23:09:37 [INFO] /root/Conan/server/injector.go:170 Inject Fault!
2024/04/08 23:09:37 [INFO] /root/Conan/server/action.go:118 New term is 6
2024/04/08 23:09:37 [INFO] /root/Conan/server/action.go:249 /root/Conan/systems/etcd/fault/cpu_hog.sh 42 1 4
2024/04/08 23:09:37 [INFO] /root/Conan/server/injector.go:165 notification:  Before Follower MsgApp
2024/04/08 23:09:37 [INFO] /root/Conan/server/injector.go:166 FaultPoint:  Before Follower MsgAppResp
2024/04/08 23:09:37 [INFO] /root/Conan/server/injector.go:170 Inject Fault!
2024/04/08 23:09:37 [INFO] /root/Conan/server/action.go:118 New term is 4
2024/04/08 23:09:38 [INFO] /root/Conan/server/monitor.go:87 Current leader num 3

2024/04/08 23:09:38 [INFO] /root/Conan/server/monitor.go:99 System Timeout 1.241057209s
2024/04/08 23:09:38 [INFO] /root/Conan/server/monitor.go:105 Fitness score: 1
2024/04/08 23:09:46 [INFO] /root/Conan/server/injector.go:42 Injector stop
2024/04/08 23:09:46 [INFO] /root/Conan/server/checker.go:27 Checker run
2024/04/08 23:09:47 [INFO] /root/Conan/server/checker.go:36 =====================CHECK PASS=====================
2024/04/08 23:10:11 [INFO] /root/Conan/server/fuzzer.go:163 select seed seq [FTP Before Follower MsgAppResp][FIP EnumCPUHog 51 for 1s at node2][FIP EnumRestartNode Node3][FIP EnumNetworkDelay 621ms for 4s at node3][FIP EnumMessageFault  Delay for 1.262s ]
2024/04/08 23:10:11 [INFO] /root/Conan/server/fuzzer.go:177 Select op *main.ModifyFIPOp
2024/04/08 23:10:11 [INFO] /root/Conan/server/operator.go:370 Modify args at 0 2
2024/04/08 23:10:11 [INFO] /root/Conan/server/action.go:160 1.262s 0
2024/04/08 23:10:11 [INFO] /root/Conan/server/monitor.go:35 Setup etcd cluster
2024/04/08 23:10:11 [INFO] /root/Conan/server/monitor.go:37 /root/Conan/systems/etcd/setup.sh /root/Conan
2024/04/08 23:10:27 [INFO] /root/Conan/server/injector.go:30 Injector run, receive testSeq [FTP Before Follower MsgAppResp][FIP EnumCPUHog 51 for 1s at node2][FIP EnumRestartNode Node3][FIP EnumNetworkDelay 1036ms for 4s at node2][FIP EnumMessageFault  Delay for 1.262s ]
2024/04/08 23:10:27 [INFO] /root/Conan/server/monitor.go:53 /root/Conan/systems/etcd/findLeader.sh
2024/04/08 23:10:27 [INFO] /root/Conan/server/monitor.go:60 Current leader num 1

2024/04/08 23:10:27 [INFO] /root/Conan/server/monitor.go:62 Run etcd workload
2024/04/08 23:10:27 [INFO] /root/Conan/server/monitor.go:64 python3 /root/Conan/systems/etcd/workload/workload.py /root/Conan
2024/04/08 23:10:27 [INFO] /root/Conan/server/injector.go:165 notification:  Before Leader MsgApp
2024/04/08 23:10:27 [INFO] /root/Conan/server/injector.go:166 FaultPoint:  Before Follower MsgAppResp
2024/04/08 23:10:27 [INFO] /root/Conan/server/injector.go:165 notification:  After Leader MsgApp
2024/04/08 23:10:27 [INFO] /root/Conan/server/injector.go:166 FaultPoint:  Before Follower MsgAppResp
2024/04/08 23:10:27 [INFO] /root/Conan/server/injector.go:165 notification:  Before Leader MsgApp
2024/04/08 23:10:27 [INFO] /root/Conan/server/injector.go:166 FaultPoint:  Before Follower MsgAppResp
2024/04/08 23:10:27 [INFO] /root/Conan/server/injector.go:165 notification:  After Leader MsgApp
2024/04/08 23:10:27 [INFO] /root/Conan/server/injector.go:166 FaultPoint:  Before Follower MsgAppResp
2024/04/08 23:10:27 [INFO] /root/Conan/server/injector.go:165 notification:  Before Follower MsgApp
2024/04/08 23:10:27 [INFO] /root/Conan/server/injector.go:166 FaultPoint:  Before Follower MsgAppResp
2024/04/08 23:10:27 [INFO] /root/Conan/server/injector.go:165 notification:  Before Follower MsgApp
2024/04/08 23:10:27 [INFO] /root/Conan/server/injector.go:166 FaultPoint:  Before Follower MsgAppResp
2024/04/08 23:10:27 [INFO] /root/Conan/server/injector.go:170 Inject Fault!
2024/04/08 23:10:27 [INFO] /root/Conan/server/injector.go:170 Inject Fault!
2024/04/08 23:10:27 [INFO] /root/Conan/server/action.go:283 /root/Conan/systems/etcd/fault/network_delay.sh 1036 2 4
2024/04/08 23:10:27 [INFO] /root/Conan/server/action.go:249 /root/Conan/systems/etcd/fault/cpu_hog.sh 51 2 1
2024/04/08 23:10:27 [INFO] /root/Conan/server/action.go:249 /root/Conan/systems/etcd/fault/cpu_hog.sh 51 2 1
2024/04/08 23:10:27 [INFO] /root/Conan/server/action.go:283 /root/Conan/systems/etcd/fault/network_delay.sh 1036 2 4
2024/04/08 23:10:27 [ERROR] /root/Conan/server/action.go:286 
2024/04/08 23:10:27 [ERROR] /root/Conan/server/action.go:286 
2024/04/08 23:10:27 [INFO] /root/Conan/server/monitor.go:69 System Error
2024/04/08 23:10:32 [INFO] /root/Conan/server/action.go:180 命令输出:
 
2024/04/08 23:10:32 [INFO] /root/Conan/server/action.go:180 命令输出:
 
2024/04/08 23:10:32 [INFO] /root/Conan/server/action.go:182 Current Leader is Node0
2024/04/08 23:10:32 [INFO] /root/Conan/server/action.go:183 Restart Node3
2024/04/08 23:10:32 [INFO] /root/Conan/server/action.go:182 Current Leader is Node0
2024/04/08 23:10:32 [INFO] /root/Conan/server/action.go:183 Restart Node3
2024/04/08 23:10:33 [INFO] /root/Conan/server/monitor.go:87 Current leader num 1

2024/04/08 23:10:33 [INFO] /root/Conan/server/monitor.go:99 System Timeout 4.82916958s
2024/04/08 23:10:33 [INFO] /root/Conan/server/monitor.go:105 Fitness score: 5
2024/04/08 23:10:36 [INFO] /root/Conan/server/injector.go:42 Injector stop
2024/04/08 23:10:36 [INFO] /root/Conan/server/checker.go:27 Checker run
2024/04/08 23:10:36 [ERROR] /root/Conan/server/checker.go:31 No Value

2024/04/08 23:10:36 [ERROR] /root/Conan/server/checker.go:32 =====================CHECK ERROR=====================
2024/04/08 23:10:36 [INFO] /root/Conan/server/checker.go:49 Store sequence to file 1712589036.json
2024/04/08 23:10:36 [INFO] /root/Conan/server/action.go:160 1.262s 0
