2024/04/08 23:23:12 [INFO] /root/Conan/server/server.go:131 Start in Detect mode
2024/04/08 23:23:12 [INFO] /root/Conan/server/server.go:132 Target System is etcd
2024/04/08 23:23:12 [INFO] /root/Conan/server/monitor.go:35 Setup etcd cluster
2024/04/08 23:23:12 [INFO] /root/Conan/server/monitor.go:37 /root/Conan/systems/etcd/setup.sh
2024/04/08 23:23:12 [INFO] /root/Conan/server/injector.go:19 Injector start
2024/04/08 23:23:12 [INFO] /root/Conan/server/fuzzer.go:122 Init seed seq [FTP Before Leader MsgApp][FIP EnumNetworkDelay 564ms for 5s at node2][FIP EnumRestartNode Node2][FIP EnumMessageFault Omit]
2024/04/08 23:23:12 [INFO] /root/Conan/server/fuzzer.go:122 Init seed seq [FTP Before Leader MsgAppResp][FIP EnumCPUHog 83 for 5s at node3][FIP EnumNetworkLoss 85 at node3 for 2s][FIP EnumMessageFault ]
2024/04/08 23:23:12 [INFO] /root/Conan/server/fuzzer.go:122 Init seed seq [FTP Before Follower MsgApp][FIP EnumCPUHog 57 for 1s at node1][FIP EnumRestartNode Node1][FIP EnumMessageFault Omit]
2024/04/08 23:23:12 [INFO] /root/Conan/server/monitor.go:26 Monitor start
2024/04/08 23:23:12 [INFO] /root/Conan/server/fuzzer.go:122 Init seed seq [FTP Before Follower MsgAppResp][FIP EnumNetworkDelay 1108ms for 3s at node3][FIP EnumMessageFault  Delay for 477ms ]
2024/04/08 23:23:12 [INFO] /root/Conan/server/checker.go:19 Checker Start
2024/04/08 23:23:23 [INFO] /root/Conan/server/monitor.go:53 /root/Conan/systems/etcd/findLeader.sh
2024/04/08 23:23:23 [INFO] /root/Conan/server/monitor.go:60 Current leader num 1

2024/04/08 23:23:23 [INFO] /root/Conan/server/monitor.go:62 Run etcd workload
2024/04/08 23:23:23 [INFO] /root/Conan/server/monitor.go:64 python3 /root/Conan/systems/etcd/workload/workload.py
2024/04/08 23:23:24 [INFO] /root/Conan/server/monitor.go:87 Current leader num 1

2024/04/08 23:23:24 [INFO] /root/Conan/server/server.go:32 Start Server....
2024/04/08 23:23:37 [INFO] /root/Conan/server/fuzzer.go:163 select seed seq [FTP Before Follower MsgAppResp][FIP EnumNetworkDelay 1108ms for 3s at node3][FIP EnumMessageFault  Delay for 477ms ]
2024/04/08 23:23:37 [INFO] /root/Conan/server/fuzzer.go:177 Select op *main.InverseFTPOp
2024/04/08 23:23:37 [INFO] /root/Conan/server/fuzzer.go:177 Select op *main.InsertFIPOp
2024/04/08 23:23:37 [INFO] /root/Conan/server/operator.go:133 Insert FIP at 0 0
2024/04/08 23:23:37 [INFO] /root/Conan/server/action.go:160 477ms 0
2024/04/08 23:23:37 [INFO] /root/Conan/server/monitor.go:35 Setup etcd cluster
2024/04/08 23:23:37 [INFO] /root/Conan/server/monitor.go:37 /root/Conan/systems/etcd/setup.sh
2024/04/08 23:23:53 [INFO] /root/Conan/server/injector.go:30 Injector run, receive testSeq [FTP Before Follower MsgAppResp][FIP EnumRestartNode Node1][FIP EnumNetworkDelay 1108ms for 3s at node3][FIP EnumMessageFault  Delay for 477ms ]
2024/04/08 23:23:53 [INFO] /root/Conan/server/monitor.go:53 /root/Conan/systems/etcd/findLeader.sh
2024/04/08 23:23:53 [INFO] /root/Conan/server/monitor.go:60 Current leader num 1

2024/04/08 23:23:53 [INFO] /root/Conan/server/monitor.go:62 Run etcd workload
2024/04/08 23:23:53 [INFO] /root/Conan/server/monitor.go:64 python3 /root/Conan/systems/etcd/workload/workload.py
2024/04/08 23:23:53 [INFO] /root/Conan/server/injector.go:165 notification:  Before Leader MsgApp
2024/04/08 23:23:53 [INFO] /root/Conan/server/injector.go:166 FaultPoint:  Before Follower MsgAppResp
2024/04/08 23:23:53 [INFO] /root/Conan/server/injector.go:165 notification:  After Leader MsgApp
2024/04/08 23:23:53 [INFO] /root/Conan/server/injector.go:166 FaultPoint:  Before Follower MsgAppResp
2024/04/08 23:23:53 [INFO] /root/Conan/server/injector.go:165 notification:  Before Leader MsgApp
2024/04/08 23:23:53 [INFO] /root/Conan/server/injector.go:166 FaultPoint:  Before Follower MsgAppResp
2024/04/08 23:23:53 [INFO] /root/Conan/server/injector.go:165 notification:  After Leader MsgApp
2024/04/08 23:23:53 [INFO] /root/Conan/server/injector.go:166 FaultPoint:  Before Follower MsgAppResp
2024/04/08 23:23:53 [INFO] /root/Conan/server/injector.go:165 notification:  Before Follower MsgApp
2024/04/08 23:23:53 [INFO] /root/Conan/server/injector.go:166 FaultPoint:  Before Follower MsgAppResp
2024/04/08 23:23:53 [INFO] /root/Conan/server/injector.go:165 notification:  Before Follower MsgApp
2024/04/08 23:23:53 [INFO] /root/Conan/server/injector.go:166 FaultPoint:  Before Follower MsgAppResp
2024/04/08 23:23:53 [INFO] /root/Conan/server/injector.go:170 Inject Fault!
2024/04/08 23:23:53 [INFO] /root/Conan/server/action.go:283 /root/Conan/systems/etcd/fault/network_delay.sh 1108 3 3
2024/04/08 23:23:59 [INFO] /root/Conan/server/monitor.go:87 Current leader num 3

2024/04/08 23:23:59 [INFO] /root/Conan/server/monitor.go:99 System Timeout 5.532543665s
2024/04/08 23:23:59 [INFO] /root/Conan/server/monitor.go:105 Fitness score: 7
2024/04/08 23:24:01 [INFO] /root/Conan/server/action.go:180 命令输出:
 
2024/04/08 23:24:01 [INFO] /root/Conan/server/action.go:182 Current Leader is Node0
2024/04/08 23:24:01 [INFO] /root/Conan/server/action.go:183 Restart Node1
2024/04/08 23:24:02 [INFO] /root/Conan/server/injector.go:42 Injector stop
2024/04/08 23:24:02 [INFO] /root/Conan/server/checker.go:27 Checker run
2024/04/08 23:24:05 [INFO] /root/Conan/server/checker.go:36 =====================CHECK PASS=====================
