2024/04/08 23:15:58 [INFO] /root/Conan/server/server.go:122 Start in Detect mode
2024/04/08 23:15:58 [INFO] /root/Conan/server/server.go:123 Target System is etcd
2024/04/08 23:15:58 [INFO] /root/Conan/server/monitor.go:35 Setup etcd cluster
2024/04/08 23:15:58 [INFO] /root/Conan/server/monitor.go:37 /root/Conan/systems/etcd/setup.sh /root/Conan
2024/04/08 23:15:58 [INFO] /root/Conan/server/injector.go:19 Injector start
2024/04/08 23:15:58 [INFO] /root/Conan/server/monitor.go:26 Monitor start
2024/04/08 23:15:58 [INFO] /root/Conan/server/fuzzer.go:122 Init seed seq [FTP Before Leader MsgApp][FIP EnumCPUHog 41 for 2s at node3][FIP EnumCPUHog 23 for 1s at node3][FIP EnumMessageFault  Delay for 757ms ]
2024/04/08 23:15:58 [INFO] /root/Conan/server/checker.go:19 Checker Start
2024/04/08 23:15:58 [INFO] /root/Conan/server/fuzzer.go:122 Init seed seq [FTP Before Leader MsgAppResp][FIP EnumCPUHog 55 for 2s at node3][FIP EnumMessageFault  Delay for 152ms  Modify term -2 ]
2024/04/08 23:15:58 [INFO] /root/Conan/server/fuzzer.go:122 Init seed seq [FTP Before Follower MsgApp][FIP EnumMessageFault Omit]
2024/04/08 23:15:58 [INFO] /root/Conan/server/fuzzer.go:122 Init seed seq [FTP Before Follower MsgAppResp][FIP EnumMessageFault Omit]
2024/04/08 23:16:14 [INFO] /root/Conan/server/monitor.go:53 /root/Conan/systems/etcd/findLeader.sh
2024/04/08 23:16:14 [INFO] /root/Conan/server/monitor.go:60 Current leader num 2

2024/04/08 23:16:14 [INFO] /root/Conan/server/monitor.go:62 Run etcd workload
2024/04/08 23:16:14 [INFO] /root/Conan/server/monitor.go:64 python3 /root/Conan/systems/etcd/workload/workload.py /root/Conan
2024/04/08 23:16:14 [INFO] /root/Conan/server/monitor.go:87 Current leader num 2

2024/04/08 23:16:14 [INFO] /root/Conan/server/server.go:31 Start Server....
2024/04/08 23:16:23 [INFO] /root/Conan/server/fuzzer.go:163 select seed seq [FTP Before Leader MsgAppResp][FIP EnumCPUHog 55 for 2s at node3][FIP EnumMessageFault  Delay for 152ms  Modify term -2 ]
2024/04/08 23:16:23 [INFO] /root/Conan/server/fuzzer.go:177 Select op *main.InsertFTPOp
2024/04/08 23:16:23 [INFO] /root/Conan/server/operator.go:94 Insert {MsgAppResp Leader Before [0xc00033e240]} at 1
2024/04/08 23:16:23 [INFO] /root/Conan/server/action.go:160 152ms -2
2024/04/08 23:16:23 [INFO] /root/Conan/server/action.go:160 0s 4
2024/04/08 23:16:23 [INFO] /root/Conan/server/monitor.go:35 Setup etcd cluster
2024/04/08 23:16:23 [INFO] /root/Conan/server/monitor.go:37 /root/Conan/systems/etcd/setup.sh /root/Conan
2024/04/08 23:16:39 [INFO] /root/Conan/server/injector.go:30 Injector run, receive testSeq [FTP Before Leader MsgAppResp][FIP EnumCPUHog 55 for 2s at node3][FIP EnumMessageFault  Delay for 152ms  Modify term -2 ][FTP Before Leader MsgAppResp][FIP EnumMessageFault  Modify term 4 ]
2024/04/08 23:16:39 [INFO] /root/Conan/server/monitor.go:53 /root/Conan/systems/etcd/findLeader.sh
2024/04/08 23:16:39 [INFO] /root/Conan/server/monitor.go:60 Current leader num 3

2024/04/08 23:16:39 [INFO] /root/Conan/server/monitor.go:62 Run etcd workload
2024/04/08 23:16:39 [INFO] /root/Conan/server/monitor.go:64 python3 /root/Conan/systems/etcd/workload/workload.py /root/Conan
2024/04/08 23:16:39 [INFO] /root/Conan/server/injector.go:165 notification:  Before Leader MsgApp
2024/04/08 23:16:39 [INFO] /root/Conan/server/injector.go:166 FaultPoint:  Before Leader MsgAppResp
2024/04/08 23:16:39 [INFO] /root/Conan/server/injector.go:165 notification:  After Leader MsgApp
2024/04/08 23:16:39 [INFO] /root/Conan/server/injector.go:166 FaultPoint:  Before Leader MsgAppResp
2024/04/08 23:16:39 [INFO] /root/Conan/server/injector.go:165 notification:  Before Leader MsgApp
2024/04/08 23:16:39 [INFO] /root/Conan/server/injector.go:166 FaultPoint:  Before Leader MsgAppResp
2024/04/08 23:16:39 [INFO] /root/Conan/server/injector.go:165 notification:  After Leader MsgApp
2024/04/08 23:16:39 [INFO] /root/Conan/server/injector.go:166 FaultPoint:  Before Leader MsgAppResp
2024/04/08 23:16:39 [INFO] /root/Conan/server/injector.go:165 notification:  Before Follower MsgApp
2024/04/08 23:16:39 [INFO] /root/Conan/server/injector.go:166 FaultPoint:  Before Leader MsgAppResp
2024/04/08 23:16:39 [INFO] /root/Conan/server/injector.go:165 notification:  Before Follower MsgApp
2024/04/08 23:16:39 [INFO] /root/Conan/server/injector.go:166 FaultPoint:  Before Leader MsgAppResp
2024/04/08 23:16:39 [INFO] /root/Conan/server/injector.go:165 notification:  Before Follower MsgAppResp
2024/04/08 23:16:39 [INFO] /root/Conan/server/injector.go:166 FaultPoint:  Before Leader MsgAppResp
2024/04/08 23:16:39 [INFO] /root/Conan/server/injector.go:165 notification:  Before Follower MsgAppResp
2024/04/08 23:16:39 [INFO] /root/Conan/server/injector.go:166 FaultPoint:  Before Leader MsgAppResp
2024/04/08 23:16:39 [INFO] /root/Conan/server/injector.go:165 notification:  After Follower MsgAppResp
2024/04/08 23:16:39 [INFO] /root/Conan/server/injector.go:166 FaultPoint:  Before Leader MsgAppResp
2024/04/08 23:16:39 [INFO] /root/Conan/server/injector.go:165 notification:  After Follower MsgAppResp
2024/04/08 23:16:39 [INFO] /root/Conan/server/injector.go:166 FaultPoint:  Before Leader MsgAppResp
2024/04/08 23:16:39 [INFO] /root/Conan/server/injector.go:170 Inject Fault!
2024/04/08 23:16:39 [INFO] /root/Conan/server/action.go:249 /root/Conan/systems/etcd/fault/cpu_hog.sh 55 3 2
2024/04/08 23:16:39 [INFO] /root/Conan/server/action.go:118 New term is 18446744073709551614
2024/04/08 23:16:39 [INFO] /root/Conan/server/injector.go:170 Inject Fault!
2024/04/08 23:16:39 [INFO] /root/Conan/server/action.go:118 New term is 6
2024/04/08 23:16:39 [INFO] /root/Conan/server/monitor.go:87 Current leader num 3

2024/04/08 23:16:39 [INFO] /root/Conan/server/monitor.go:105 Fitness score: 0
2024/04/08 23:16:48 [INFO] /root/Conan/server/injector.go:42 Injector stop
2024/04/08 23:16:48 [INFO] /root/Conan/server/checker.go:27 Checker run
2024/04/08 23:16:48 [INFO] /root/Conan/server/checker.go:36 =====================CHECK PASS=====================
2024/04/08 23:17:13 [INFO] /root/Conan/server/fuzzer.go:163 select seed seq [FTP Before Leader MsgAppResp][FIP EnumCPUHog 55 for 2s at node3][FIP EnumMessageFault  Delay for 152ms  Modify term -2 ]
2024/04/08 23:17:13 [INFO] /root/Conan/server/fuzzer.go:177 Select op *main.ModifyFIPOp
2024/04/08 23:17:13 [INFO] /root/Conan/server/operator.go:370 Modify args at 0 0
2024/04/08 23:17:13 [INFO] /root/Conan/server/action.go:160 152ms -2
2024/04/08 23:17:13 [INFO] /root/Conan/server/monitor.go:35 Setup etcd cluster
2024/04/08 23:17:13 [INFO] /root/Conan/server/monitor.go:37 /root/Conan/systems/etcd/setup.sh /root/Conan
2024/04/08 23:17:22 [INFO] /root/Conan/server/injector.go:30 Injector run, receive testSeq [FTP Before Leader MsgAppResp][FIP EnumCPUHog 80 for 2s at node3][FIP EnumMessageFault  Delay for 152ms  Modify term -2 ]
2024/04/08 23:17:22 [INFO] /root/Conan/server/monitor.go:53 /root/Conan/systems/etcd/findLeader.sh
2024/04/08 23:17:22 [INFO] /root/Conan/server/monitor.go:60 Current leader num 3

2024/04/08 23:17:22 [INFO] /root/Conan/server/monitor.go:62 Run etcd workload
2024/04/08 23:17:22 [INFO] /root/Conan/server/monitor.go:64 python3 /root/Conan/systems/etcd/workload/workload.py /root/Conan
2024/04/08 23:17:22 [INFO] /root/Conan/server/injector.go:165 notification:  Before Leader MsgApp
2024/04/08 23:17:22 [INFO] /root/Conan/server/injector.go:166 FaultPoint:  Before Leader MsgAppResp
2024/04/08 23:17:22 [INFO] /root/Conan/server/injector.go:165 notification:  After Leader MsgApp
2024/04/08 23:17:22 [INFO] /root/Conan/server/injector.go:166 FaultPoint:  Before Leader MsgAppResp
2024/04/08 23:17:22 [INFO] /root/Conan/server/injector.go:165 notification:  Before Leader MsgApp
2024/04/08 23:17:22 [INFO] /root/Conan/server/injector.go:166 FaultPoint:  Before Leader MsgAppResp
2024/04/08 23:17:22 [INFO] /root/Conan/server/injector.go:165 notification:  After Leader MsgApp
2024/04/08 23:17:22 [INFO] /root/Conan/server/injector.go:166 FaultPoint:  Before Leader MsgAppResp
2024/04/08 23:17:22 [INFO] /root/Conan/server/injector.go:165 notification:  Before Follower MsgApp
2024/04/08 23:17:22 [INFO] /root/Conan/server/injector.go:165 notification:  Before Follower MsgApp
2024/04/08 23:17:22 [INFO] /root/Conan/server/injector.go:166 FaultPoint:  Before Leader MsgAppResp
2024/04/08 23:17:22 [INFO] /root/Conan/server/injector.go:166 FaultPoint:  Before Leader MsgAppResp
2024/04/08 23:17:22 [INFO] /root/Conan/server/injector.go:165 notification:  Before Follower MsgAppResp
2024/04/08 23:17:22 [INFO] /root/Conan/server/injector.go:166 FaultPoint:  Before Leader MsgAppResp
2024/04/08 23:17:22 [INFO] /root/Conan/server/injector.go:165 notification:  Before Follower MsgAppResp
2024/04/08 23:17:22 [INFO] /root/Conan/server/injector.go:166 FaultPoint:  Before Leader MsgAppResp
2024/04/08 23:17:22 [INFO] /root/Conan/server/injector.go:165 notification:  After Follower MsgAppResp
2024/04/08 23:17:22 [INFO] /root/Conan/server/injector.go:166 FaultPoint:  Before Leader MsgAppResp
2024/04/08 23:17:22 [INFO] /root/Conan/server/injector.go:165 notification:  After Follower MsgAppResp
2024/04/08 23:17:22 [INFO] /root/Conan/server/injector.go:166 FaultPoint:  Before Leader MsgAppResp
2024/04/08 23:17:22 [INFO] /root/Conan/server/injector.go:170 Inject Fault!
2024/04/08 23:17:22 [INFO] /root/Conan/server/action.go:249 /root/Conan/systems/etcd/fault/cpu_hog.sh 80 3 2
2024/04/08 23:17:22 [INFO] /root/Conan/server/action.go:118 New term is 0
2024/04/08 23:17:23 [INFO] /root/Conan/server/monitor.go:87 Current leader num 3

2024/04/08 23:17:23 [INFO] /root/Conan/server/monitor.go:105 Fitness score: 0
2024/04/08 23:17:38 [INFO] /root/Conan/server/injector.go:42 Injector stop
2024/04/08 23:17:38 [INFO] /root/Conan/server/checker.go:27 Checker run
2024/04/08 23:17:38 [INFO] /root/Conan/server/checker.go:36 =====================CHECK PASS=====================
