2024/04/08 23:19:23 [INFO] /root/Conan/server/server.go:122 Start in Detect mode
2024/04/08 23:19:23 [INFO] /root/Conan/server/server.go:123 Target System is etcd
2024/04/08 23:19:23 [INFO] /root/Conan/server/monitor.go:35 Setup etcd cluster
2024/04/08 23:19:23 [INFO] /root/Conan/server/monitor.go:37 /root/Conan/systems/etcd/setup.sh /root/Conan
2024/04/08 23:19:23 [INFO] /root/Conan/server/injector.go:19 Injector start
2024/04/08 23:19:23 [INFO] /root/Conan/server/fuzzer.go:122 Init seed seq [FTP Before Leader MsgApp][FIP EnumNetworkDelay 600ms for 5s at node3][FIP EnumMessageFault Omit]
2024/04/08 23:19:23 [INFO] /root/Conan/server/fuzzer.go:122 Init seed seq [FTP Before Leader MsgAppResp][FIP EnumCPUHog 3 for 3s at node3][FIP EnumMessageFault ]
2024/04/08 23:19:23 [INFO] /root/Conan/server/fuzzer.go:122 Init seed seq [FTP Before Follower MsgApp][FIP EnumMessageFault  Delay for 1.4s  Modify term -4 ]
2024/04/08 23:19:23 [INFO] /root/Conan/server/fuzzer.go:122 Init seed seq [FTP Before Follower MsgAppResp][FIP EnumNetworkLoss 31 at node2 for 3s][FIP EnumNetworkDelay 1381ms for 3s at node3][FIP EnumMessageFault ]
2024/04/08 23:19:23 [INFO] /root/Conan/server/checker.go:19 Checker Start
2024/04/08 23:19:23 [INFO] /root/Conan/server/monitor.go:26 Monitor start
2024/04/08 23:19:39 [INFO] /root/Conan/server/monitor.go:53 /root/Conan/systems/etcd/findLeader.sh
2024/04/08 23:19:39 [INFO] /root/Conan/server/monitor.go:60 Current leader num 2

2024/04/08 23:19:39 [INFO] /root/Conan/server/monitor.go:62 Run etcd workload
2024/04/08 23:19:39 [INFO] /root/Conan/server/monitor.go:64 python3 /root/Conan/systems/etcd/workload/workload.py
2024/04/08 23:19:39 [INFO] /root/Conan/server/monitor.go:87 Current leader num 2

2024/04/08 23:19:39 [INFO] /root/Conan/server/server.go:31 Start Server....
2024/04/08 23:19:48 [INFO] /root/Conan/server/fuzzer.go:163 select seed seq [FTP Before Leader MsgApp][FIP EnumNetworkDelay 600ms for 5s at node3][FIP EnumMessageFault Omit]
2024/04/08 23:19:48 [INFO] /root/Conan/server/fuzzer.go:177 Select op *main.InsertFIPOp
2024/04/08 23:19:48 [INFO] /root/Conan/server/operator.go:133 Insert FIP at 0 0
2024/04/08 23:19:48 [INFO] /root/Conan/server/action.go:160 0s 0
2024/04/08 23:19:48 [INFO] /root/Conan/server/monitor.go:35 Setup etcd cluster
2024/04/08 23:19:48 [INFO] /root/Conan/server/monitor.go:37 /root/Conan/systems/etcd/setup.sh /root/Conan
2024/04/08 23:20:04 [INFO] /root/Conan/server/injector.go:30 Injector run, receive testSeq [FTP Before Leader MsgApp][FIP EnumNetworkDelay 1362ms for 2s at node2][FIP EnumMessageFault Omit][FIP EnumMessageFault Omit]
2024/04/08 23:20:04 [INFO] /root/Conan/server/monitor.go:53 /root/Conan/systems/etcd/findLeader.sh
2024/04/08 23:20:04 [INFO] /root/Conan/server/monitor.go:60 Current leader num 2

2024/04/08 23:20:04 [INFO] /root/Conan/server/monitor.go:62 Run etcd workload
2024/04/08 23:20:04 [INFO] /root/Conan/server/monitor.go:64 python3 /root/Conan/systems/etcd/workload/workload.py
2024/04/08 23:20:04 [INFO] /root/Conan/server/injector.go:170 Inject Fault!
2024/04/08 23:20:04 [INFO] /root/Conan/server/action.go:283 /root/Conan/systems/etcd/fault/network_delay.sh 1362 2 2
2024/04/08 23:20:04 [INFO] /root/Conan/server/monitor.go:87 Current leader num 2

2024/04/08 23:20:04 [INFO] /root/Conan/server/monitor.go:105 Fitness score: 0
2024/04/08 23:20:13 [INFO] /root/Conan/server/injector.go:42 Injector stop
2024/04/08 23:20:13 [INFO] /root/Conan/server/checker.go:27 Checker run
2024/04/08 23:20:15 [INFO] /root/Conan/server/checker.go:36 =====================CHECK PASS=====================
2024/04/08 23:20:38 [INFO] /root/Conan/server/fuzzer.go:163 select seed seq [FTP Before Follower MsgApp][FIP EnumMessageFault  Delay for 1.4s  Modify term -4 ]
2024/04/08 23:20:38 [INFO] /root/Conan/server/fuzzer.go:177 Select op *main.DeleteFTPOp
2024/04/08 23:20:38 [INFO] /root/Conan/server/action.go:160 1.4s -4
2024/04/08 23:20:38 [INFO] /root/Conan/server/monitor.go:35 Setup etcd cluster
2024/04/08 23:20:38 [INFO] /root/Conan/server/monitor.go:37 /root/Conan/systems/etcd/setup.sh /root/Conan
2024/04/08 23:20:54 [INFO] /root/Conan/server/injector.go:30 Injector run, receive testSeq [FTP Before Follower MsgApp][FIP EnumMessageFault  Delay for 1.4s  Modify term -4 ]
2024/04/08 23:20:54 [INFO] /root/Conan/server/monitor.go:53 /root/Conan/systems/etcd/findLeader.sh
2024/04/08 23:20:54 [INFO] /root/Conan/server/monitor.go:60 Current leader num 3

2024/04/08 23:20:54 [INFO] /root/Conan/server/monitor.go:62 Run etcd workload
2024/04/08 23:20:54 [INFO] /root/Conan/server/monitor.go:64 python3 /root/Conan/systems/etcd/workload/workload.py
2024/04/08 23:20:54 [INFO] /root/Conan/server/injector.go:165 notification:  Before Leader MsgApp
2024/04/08 23:20:54 [INFO] /root/Conan/server/injector.go:166 FaultPoint:  Before Follower MsgApp
2024/04/08 23:20:54 [INFO] /root/Conan/server/injector.go:165 notification:  After Leader MsgApp
2024/04/08 23:20:54 [INFO] /root/Conan/server/injector.go:166 FaultPoint:  Before Follower MsgApp
2024/04/08 23:20:54 [INFO] /root/Conan/server/injector.go:165 notification:  Before Leader MsgApp
2024/04/08 23:20:54 [INFO] /root/Conan/server/injector.go:166 FaultPoint:  Before Follower MsgApp
2024/04/08 23:20:54 [INFO] /root/Conan/server/injector.go:165 notification:  After Leader MsgApp
2024/04/08 23:20:54 [INFO] /root/Conan/server/injector.go:166 FaultPoint:  Before Follower MsgApp
2024/04/08 23:20:54 [INFO] /root/Conan/server/injector.go:170 Inject Fault!
2024/04/08 23:20:55 [INFO] /root/Conan/server/action.go:118 New term is 18446744073709551614
2024/04/08 23:20:56 [INFO] /root/Conan/server/monitor.go:87 Current leader num 3

2024/04/08 23:20:56 [INFO] /root/Conan/server/monitor.go:99 System Timeout 1.543344192s
2024/04/08 23:20:56 [INFO] /root/Conan/server/monitor.go:105 Fitness score: 1
2024/04/08 23:21:03 [INFO] /root/Conan/server/injector.go:42 Injector stop
2024/04/08 23:21:03 [INFO] /root/Conan/server/checker.go:27 Checker run
2024/04/08 23:21:04 [INFO] /root/Conan/server/checker.go:36 =====================CHECK PASS=====================
2024/04/08 23:21:28 [INFO] /root/Conan/server/fuzzer.go:163 select seed seq [FTP Before Follower MsgApp][FIP EnumMessageFault  Delay for 1.4s  Modify term -4 ]
2024/04/08 23:21:28 [INFO] /root/Conan/server/fuzzer.go:177 Select op *main.InsertFTPOp
2024/04/08 23:21:28 [INFO] /root/Conan/server/operator.go:94 Insert {MsgAppResp Leader Before [0xc000219620]} at 0
2024/04/08 23:21:28 [INFO] /root/Conan/server/action.go:160 879ms 0
2024/04/08 23:21:28 [INFO] /root/Conan/server/action.go:160 1.4s -4
2024/04/08 23:21:28 [INFO] /root/Conan/server/monitor.go:35 Setup etcd cluster
2024/04/08 23:21:28 [INFO] /root/Conan/server/monitor.go:37 /root/Conan/systems/etcd/setup.sh /root/Conan
2024/04/08 23:21:44 [INFO] /root/Conan/server/injector.go:30 Injector run, receive testSeq [FTP Before Leader MsgAppResp][FIP EnumMessageFault  Delay for 879ms ][FTP Before Follower MsgApp][FIP EnumMessageFault  Delay for 1.4s  Modify term -4 ]
2024/04/08 23:21:44 [INFO] /root/Conan/server/monitor.go:53 /root/Conan/systems/etcd/findLeader.sh
2024/04/08 23:21:44 [INFO] /root/Conan/server/monitor.go:60 Current leader num 1

2024/04/08 23:21:44 [INFO] /root/Conan/server/monitor.go:62 Run etcd workload
2024/04/08 23:21:44 [INFO] /root/Conan/server/monitor.go:64 python3 /root/Conan/systems/etcd/workload/workload.py
2024/04/08 23:21:44 [INFO] /root/Conan/server/injector.go:165 notification:  Before Leader MsgApp
2024/04/08 23:21:44 [INFO] /root/Conan/server/injector.go:166 FaultPoint:  Before Leader MsgAppResp
2024/04/08 23:21:44 [INFO] /root/Conan/server/injector.go:165 notification:  After Leader MsgApp
2024/04/08 23:21:44 [INFO] /root/Conan/server/injector.go:166 FaultPoint:  Before Leader MsgAppResp
2024/04/08 23:21:44 [INFO] /root/Conan/server/injector.go:165 notification:  Before Leader MsgApp
2024/04/08 23:21:44 [INFO] /root/Conan/server/injector.go:166 FaultPoint:  Before Leader MsgAppResp
2024/04/08 23:21:44 [INFO] /root/Conan/server/injector.go:165 notification:  After Leader MsgApp
2024/04/08 23:21:44 [INFO] /root/Conan/server/injector.go:166 FaultPoint:  Before Leader MsgAppResp
2024/04/08 23:21:44 [INFO] /root/Conan/server/injector.go:165 notification:  Before Follower MsgApp
2024/04/08 23:21:44 [INFO] /root/Conan/server/injector.go:166 FaultPoint:  Before Leader MsgAppResp
2024/04/08 23:21:44 [INFO] /root/Conan/server/injector.go:165 notification:  Before Follower MsgApp
2024/04/08 23:21:44 [INFO] /root/Conan/server/injector.go:166 FaultPoint:  Before Leader MsgAppResp
2024/04/08 23:21:44 [INFO] /root/Conan/server/injector.go:165 notification:  Before Follower MsgAppResp
2024/04/08 23:21:44 [INFO] /root/Conan/server/injector.go:166 FaultPoint:  Before Leader MsgAppResp
2024/04/08 23:21:44 [INFO] /root/Conan/server/injector.go:165 notification:  After Follower MsgAppResp
2024/04/08 23:21:44 [INFO] /root/Conan/server/injector.go:166 FaultPoint:  Before Leader MsgAppResp
2024/04/08 23:21:44 [INFO] /root/Conan/server/injector.go:165 notification:  Before Follower MsgAppResp
2024/04/08 23:21:44 [INFO] /root/Conan/server/injector.go:166 FaultPoint:  Before Leader MsgAppResp
2024/04/08 23:21:44 [INFO] /root/Conan/server/injector.go:165 notification:  After Follower MsgAppResp
2024/04/08 23:21:44 [INFO] /root/Conan/server/injector.go:166 FaultPoint:  Before Leader MsgAppResp
2024/04/08 23:21:44 [INFO] /root/Conan/server/injector.go:170 Inject Fault!
2024/04/08 23:21:45 [INFO] /root/Conan/server/injector.go:165 notification:  Before Leader MsgAppResp
2024/04/08 23:21:45 [INFO] /root/Conan/server/injector.go:166 FaultPoint:  Before Follower MsgApp
2024/04/08 23:21:45 [INFO] /root/Conan/server/injector.go:165 notification:  Before Leader MsgApp
2024/04/08 23:21:45 [INFO] /root/Conan/server/injector.go:166 FaultPoint:  Before Follower MsgApp
2024/04/08 23:21:45 [INFO] /root/Conan/server/injector.go:165 notification:  After Leader MsgApp
2024/04/08 23:21:45 [INFO] /root/Conan/server/injector.go:166 FaultPoint:  Before Follower MsgApp
2024/04/08 23:21:45 [INFO] /root/Conan/server/injector.go:165 notification:  Before Leader MsgApp
2024/04/08 23:21:45 [INFO] /root/Conan/server/injector.go:166 FaultPoint:  Before Follower MsgApp
2024/04/08 23:21:45 [INFO] /root/Conan/server/injector.go:165 notification:  After Leader MsgApp
2024/04/08 23:21:45 [INFO] /root/Conan/server/injector.go:166 FaultPoint:  Before Follower MsgApp
2024/04/08 23:21:45 [INFO] /root/Conan/server/injector.go:165 notification:  Before Leader MsgAppResp
2024/04/08 23:21:45 [INFO] /root/Conan/server/injector.go:166 FaultPoint:  Before Follower MsgApp
2024/04/08 23:21:45 [INFO] /root/Conan/server/injector.go:170 Inject Fault!
2024/04/08 23:21:46 [INFO] /root/Conan/server/action.go:118 New term is 18446744073709551614
2024/04/08 23:21:47 [INFO] /root/Conan/server/monitor.go:87 Current leader num 1

2024/04/08 23:21:47 [INFO] /root/Conan/server/monitor.go:99 System Timeout 2.321574166s
2024/04/08 23:21:47 [INFO] /root/Conan/server/monitor.go:105 Fitness score: 2
2024/04/08 23:21:53 [INFO] /root/Conan/server/injector.go:42 Injector stop
2024/04/08 23:21:53 [INFO] /root/Conan/server/checker.go:27 Checker run
2024/04/08 23:21:54 [INFO] /root/Conan/server/checker.go:36 =====================CHECK PASS=====================
2024/04/08 23:22:18 [INFO] /root/Conan/server/fuzzer.go:163 select seed seq [FTP Before Follower MsgAppResp][FIP EnumNetworkLoss 31 at node2 for 3s][FIP EnumNetworkDelay 1381ms for 3s at node3][FIP EnumMessageFault ]
2024/04/08 23:22:18 [INFO] /root/Conan/server/fuzzer.go:177 Select op *main.DeleteFIPOp
2024/04/08 23:22:18 [INFO] /root/Conan/server/operator.go:223 Delete FIP at 0 1
2024/04/08 23:22:18 [INFO] /root/Conan/server/action.go:160 0s 0
2024/04/08 23:22:18 [INFO] /root/Conan/server/monitor.go:35 Setup etcd cluster
2024/04/08 23:22:18 [INFO] /root/Conan/server/monitor.go:37 /root/Conan/systems/etcd/setup.sh /root/Conan
2024/04/08 23:22:27 [INFO] /root/Conan/server/injector.go:30 Injector run, receive testSeq [FTP Before Follower MsgAppResp][FIP EnumNetworkLoss 31 at node2 for 3s][FIP EnumMessageFault ]
2024/04/08 23:22:27 [INFO] /root/Conan/server/monitor.go:53 /root/Conan/systems/etcd/findLeader.sh
2024/04/08 23:22:27 [INFO] /root/Conan/server/monitor.go:60 Current leader num 3

2024/04/08 23:22:27 [INFO] /root/Conan/server/monitor.go:62 Run etcd workload
2024/04/08 23:22:27 [INFO] /root/Conan/server/monitor.go:64 python3 /root/Conan/systems/etcd/workload/workload.py
2024/04/08 23:22:28 [INFO] /root/Conan/server/injector.go:165 notification:  Before Leader MsgApp
2024/04/08 23:22:28 [INFO] /root/Conan/server/injector.go:166 FaultPoint:  Before Follower MsgAppResp
2024/04/08 23:22:28 [INFO] /root/Conan/server/injector.go:165 notification:  After Leader MsgApp
2024/04/08 23:22:28 [INFO] /root/Conan/server/injector.go:166 FaultPoint:  Before Follower MsgAppResp
2024/04/08 23:22:28 [INFO] /root/Conan/server/injector.go:165 notification:  Before Leader MsgApp
2024/04/08 23:22:28 [INFO] /root/Conan/server/injector.go:166 FaultPoint:  Before Follower MsgAppResp
2024/04/08 23:22:28 [INFO] /root/Conan/server/injector.go:165 notification:  After Leader MsgApp
2024/04/08 23:22:28 [INFO] /root/Conan/server/injector.go:166 FaultPoint:  Before Follower MsgAppResp
2024/04/08 23:22:28 [INFO] /root/Conan/server/injector.go:165 notification:  Before Follower MsgApp
2024/04/08 23:22:28 [INFO] /root/Conan/server/injector.go:165 notification:  Before Follower MsgApp
2024/04/08 23:22:28 [INFO] /root/Conan/server/injector.go:166 FaultPoint:  Before Follower MsgAppResp
2024/04/08 23:22:28 [INFO] /root/Conan/server/injector.go:166 FaultPoint:  Before Follower MsgAppResp
2024/04/08 23:22:28 [INFO] /root/Conan/server/injector.go:170 Inject Fault!
2024/04/08 23:22:28 [INFO] /root/Conan/server/injector.go:170 Inject Fault!
2024/04/08 23:22:28 [INFO] /root/Conan/server/action.go:214 /root/Conan/systems/etcd/fault/network_loss.sh 31 2 3
2024/04/08 23:22:28 [INFO] /root/Conan/server/action.go:214 /root/Conan/systems/etcd/fault/network_loss.sh 31 2 3
2024/04/08 23:22:28 [INFO] /root/Conan/server/monitor.go:87 Current leader num 3

2024/04/08 23:22:28 [INFO] /root/Conan/server/monitor.go:105 Fitness score: 0
2024/04/08 23:22:30 [ERROR] /root/Conan/server/action.go:217 
2024/04/08 23:22:43 [INFO] /root/Conan/server/injector.go:42 Injector stop
2024/04/08 23:22:43 [INFO] /root/Conan/server/checker.go:27 Checker run
2024/04/08 23:22:44 [ERROR] /root/Conan/server/checker.go:31 No Value

2024/04/08 23:22:44 [ERROR] /root/Conan/server/checker.go:32 =====================CHECK ERROR=====================
2024/04/08 23:22:44 [INFO] /root/Conan/server/checker.go:49 Store sequence to file 1712589764.json
2024/04/08 23:22:44 [INFO] /root/Conan/server/action.go:160 0s 0
2024/04/08 23:22:49 [ERROR] /root/Conan/server/action.go:217 
2024/04/08 23:23:08 [INFO] /root/Conan/server/fuzzer.go:163 select seed seq [FTP Before Follower MsgApp][FIP EnumMessageFault  Delay for 1.4s  Modify term -4 ]
2024/04/08 23:23:08 [INFO] /root/Conan/server/fuzzer.go:177 Select op *main.InverseFIPOp
2024/04/08 23:23:08 [INFO] /root/Conan/server/fuzzer.go:177 Select op *main.InsertFTPOp
2024/04/08 23:23:08 [INFO] /root/Conan/server/operator.go:94 Insert {MsgAppResp Leader Before [0xc00001b038]} at 1
2024/04/08 23:23:08 [INFO] /root/Conan/server/action.go:160 1.4s -4
2024/04/08 23:23:08 [INFO] /root/Conan/server/action.go:160 0s 0
2024/04/08 23:23:08 [INFO] /root/Conan/server/monitor.go:35 Setup etcd cluster
2024/04/08 23:23:08 [INFO] /root/Conan/server/monitor.go:37 /root/Conan/systems/etcd/setup.sh /root/Conan
