2024/04/08 23:18:03 [INFO] /root/Conan/server/server.go:122 Start in Detect mode
2024/04/08 23:18:03 [INFO] /root/Conan/server/server.go:123 Target System is etcd
2024/04/08 23:18:03 [INFO] /root/Conan/server/monitor.go:35 Setup etcd cluster
2024/04/08 23:18:03 [INFO] /root/Conan/server/monitor.go:37 /root/Conan/systems/etcd/setup.sh /root/Conan
2024/04/08 23:18:03 [INFO] /root/Conan/server/injector.go:19 Injector start
2024/04/08 23:18:03 [INFO] /root/Conan/server/fuzzer.go:122 Init seed seq [FTP Before Leader MsgApp][FIP EnumCPUHog 81 for 2s at node3][FIP EnumMessageFault Omit]
2024/04/08 23:18:03 [INFO] /root/Conan/server/fuzzer.go:122 Init seed seq [FTP Before Leader MsgAppResp][FIP EnumNetworkLoss 23 at node3 for 3s][FIP EnumNetworkDelay 881ms for 5s at node3][FIP EnumRestartNode Node3][FIP EnumMessageFault Omit]
2024/04/08 23:18:03 [INFO] /root/Conan/server/monitor.go:26 Monitor start
2024/04/08 23:18:03 [INFO] /root/Conan/server/fuzzer.go:122 Init seed seq [FTP Before Follower MsgApp][FIP EnumCPUHog 76 for 2s at node2][FIP EnumNetworkDelay 939ms for 4s at node2][FIP EnumCPUHog 17 for 5s at node1][FIP EnumMessageFault  Delay for 676ms ]
2024/04/08 23:18:03 [INFO] /root/Conan/server/fuzzer.go:122 Init seed seq [FTP Before Follower MsgAppResp][FIP EnumMessageFault ]
2024/04/08 23:18:03 [INFO] /root/Conan/server/checker.go:19 Checker Start
2024/04/08 23:18:19 [INFO] /root/Conan/server/monitor.go:53 /root/Conan/systems/etcd/findLeader.sh
2024/04/08 23:18:19 [INFO] /root/Conan/server/monitor.go:60 Current leader num 3

2024/04/08 23:18:19 [INFO] /root/Conan/server/monitor.go:62 Run etcd workload
2024/04/08 23:18:19 [INFO] /root/Conan/server/monitor.go:64 python3 /root/Conan/systems/etcd/workload/workload.py
2024/04/08 23:18:19 [INFO] /root/Conan/server/monitor.go:87 Current leader num 3

2024/04/08 23:18:19 [INFO] /root/Conan/server/server.go:31 Start Server....
2024/04/08 23:18:28 [INFO] /root/Conan/server/fuzzer.go:163 select seed seq [FTP Before Follower MsgApp][FIP EnumCPUHog 76 for 2s at node2][FIP EnumNetworkDelay 939ms for 4s at node2][FIP EnumCPUHog 17 for 5s at node1][FIP EnumMessageFault  Delay for 676ms ]
2024/04/08 23:18:28 [INFO] /root/Conan/server/fuzzer.go:177 Select op *main.ModifyFIPOp
2024/04/08 23:18:28 [INFO] /root/Conan/server/operator.go:370 Modify args at 0 1
2024/04/08 23:18:28 [INFO] /root/Conan/server/action.go:160 676ms 0
2024/04/08 23:18:28 [INFO] /root/Conan/server/monitor.go:35 Setup etcd cluster
2024/04/08 23:18:28 [INFO] /root/Conan/server/monitor.go:37 /root/Conan/systems/etcd/setup.sh /root/Conan
2024/04/08 23:18:42 [INFO] /root/Conan/server/injector.go:30 Injector run, receive testSeq [FTP Before Follower MsgApp][FIP EnumCPUHog 76 for 2s at node2][FIP EnumNetworkDelay 1454ms for 3s at node2][FIP EnumCPUHog 17 for 5s at node1][FIP EnumMessageFault  Delay for 676ms ]
2024/04/08 23:18:42 [INFO] /root/Conan/server/monitor.go:53 /root/Conan/systems/etcd/findLeader.sh
2024/04/08 23:18:42 [INFO] /root/Conan/server/monitor.go:60 Current leader num 2

2024/04/08 23:18:42 [INFO] /root/Conan/server/monitor.go:62 Run etcd workload
2024/04/08 23:18:42 [INFO] /root/Conan/server/monitor.go:64 python3 /root/Conan/systems/etcd/workload/workload.py
2024/04/08 23:18:42 [INFO] /root/Conan/server/injector.go:165 notification:  Before Leader MsgApp
2024/04/08 23:18:42 [INFO] /root/Conan/server/injector.go:166 FaultPoint:  Before Follower MsgApp
2024/04/08 23:18:42 [INFO] /root/Conan/server/injector.go:165 notification:  After Leader MsgApp
2024/04/08 23:18:42 [INFO] /root/Conan/server/injector.go:166 FaultPoint:  Before Follower MsgApp
2024/04/08 23:18:42 [INFO] /root/Conan/server/injector.go:165 notification:  Before Leader MsgApp
2024/04/08 23:18:42 [INFO] /root/Conan/server/injector.go:166 FaultPoint:  Before Follower MsgApp
2024/04/08 23:18:42 [INFO] /root/Conan/server/injector.go:165 notification:  After Leader MsgApp
2024/04/08 23:18:42 [INFO] /root/Conan/server/injector.go:166 FaultPoint:  Before Follower MsgApp
2024/04/08 23:18:42 [INFO] /root/Conan/server/injector.go:170 Inject Fault!
2024/04/08 23:18:42 [INFO] /root/Conan/server/action.go:249 /root/Conan/systems/etcd/fault/cpu_hog.sh 17 1 5
2024/04/08 23:18:42 [INFO] /root/Conan/server/action.go:249 /root/Conan/systems/etcd/fault/cpu_hog.sh 76 2 2
2024/04/08 23:18:42 [INFO] /root/Conan/server/action.go:283 /root/Conan/systems/etcd/fault/network_delay.sh 1454 2 3
2024/04/08 23:18:47 [INFO] /root/Conan/server/monitor.go:87 Current leader num 2

2024/04/08 23:18:47 [INFO] /root/Conan/server/monitor.go:99 System Timeout 5.19936693s
2024/04/08 23:18:47 [INFO] /root/Conan/server/monitor.go:105 Fitness score: 5
2024/04/08 23:18:53 [INFO] /root/Conan/server/injector.go:42 Injector stop
2024/04/08 23:18:53 [INFO] /root/Conan/server/checker.go:27 Checker run
2024/04/08 23:18:53 [INFO] /root/Conan/server/checker.go:36 =====================CHECK PASS=====================
2024/04/08 23:19:18 [INFO] /root/Conan/server/fuzzer.go:163 select seed seq [FTP Before Leader MsgApp][FIP EnumCPUHog 81 for 2s at node3][FIP EnumMessageFault Omit]
2024/04/08 23:19:18 [INFO] /root/Conan/server/fuzzer.go:177 Select op *main.InsertFTPOp
2024/04/08 23:19:18 [INFO] /root/Conan/server/operator.go:94 Insert {MsgApp Leader Before [0xc000194ac8]} at 0
2024/04/08 23:19:18 [INFO] /root/Conan/server/action.go:160 1.223s 2
2024/04/08 23:19:18 [INFO] /root/Conan/server/action.go:160 0s 0
2024/04/08 23:19:18 [INFO] /root/Conan/server/monitor.go:35 Setup etcd cluster
2024/04/08 23:19:18 [INFO] /root/Conan/server/monitor.go:37 /root/Conan/systems/etcd/setup.sh /root/Conan
