2024/04/08 21:07:01 [INFO] /root/Conan/server/server.go:131 Start in Detect mode
2024/04/08 21:07:01 [INFO] /root/Conan/server/server.go:132 Target System is etcd
2024/04/08 21:07:01 [INFO] /root/Conan/server/monitor.go:35 Setup etcd cluster
2024/04/08 21:07:01 [INFO] /root/Conan/server/monitor.go:37 /root/Conan/systems/etcd/setup.sh
2024/04/08 21:07:01 [INFO] /root/Conan/server/injector.go:19 Injector start
2024/04/08 21:07:01 [INFO] /root/Conan/server/checker.go:19 Checker Start
2024/04/08 21:07:01 [INFO] /root/Conan/server/monitor.go:26 Monitor start
2024/04/08 21:07:01 [INFO] /root/Conan/server/fuzzer.go:122 Init seed seq [FTP Before Leader MsgApp][FIP EnumNetworkLoss 33 at node2 for 1s][FIP EnumRestartNode Node3][FIP EnumNetworkDelay 1372ms for 2s at node3][FIP EnumMessageFault  Delay for 169ms  Modify term -1 ]
2024/04/08 21:07:01 [INFO] /root/Conan/server/fuzzer.go:122 Init seed seq [FTP Before Leader MsgAppResp][FIP EnumMessageFault Omit]
2024/04/08 21:07:01 [INFO] /root/Conan/server/fuzzer.go:122 Init seed seq [FTP Before Follower MsgApp][FIP EnumMessageFault ]
2024/04/08 21:07:01 [INFO] /root/Conan/server/fuzzer.go:122 Init seed seq [FTP Before Follower MsgAppResp][FIP EnumNetworkLoss 65 at node3 for 3s][FIP EnumNetworkLoss 99 at node3 for 1s][FIP EnumMessageFault  Delay for 1.664s  Modify term 4 ]
2024/04/08 21:07:06 [INFO] /root/Conan/server/monitor.go:53 /root/Conan/systems/etcd/findLeader.sh
2024/04/08 21:07:06 [INFO] /root/Conan/server/monitor.go:60 Current leader num 2

2024/04/08 21:07:06 [INFO] /root/Conan/server/monitor.go:62 Run etcd workload
2024/04/08 21:07:06 [INFO] /root/Conan/server/monitor.go:64 python3 /root/Conan/systems/etcd/workload/workload.py
2024/04/08 21:07:07 [INFO] /root/Conan/server/monitor.go:87 Current leader num 2

2024/04/08 21:07:07 [INFO] /root/Conan/server/server.go:32 Start Server....
2024/04/08 21:07:26 [INFO] /root/Conan/server/fuzzer.go:163 select seed seq [FTP Before Leader MsgApp][FIP EnumNetworkLoss 33 at node2 for 1s][FIP EnumRestartNode Node3][FIP EnumNetworkDelay 1372ms for 2s at node3][FIP EnumMessageFault  Delay for 169ms  Modify term -1 ]
2024/04/08 21:07:26 [INFO] /root/Conan/server/fuzzer.go:177 Select op *main.InsertFTPOp
2024/04/08 21:07:26 [INFO] /root/Conan/server/operator.go:94 Insert {MsgAppResp Leader Before [0xc00029e258]} at 0
2024/04/08 21:07:26 [INFO] /root/Conan/server/action.go:160 1.181s 0
2024/04/08 21:07:26 [INFO] /root/Conan/server/action.go:160 169ms -1
2024/04/08 21:07:26 [INFO] /root/Conan/server/monitor.go:35 Setup etcd cluster
2024/04/08 21:07:26 [INFO] /root/Conan/server/monitor.go:37 /root/Conan/systems/etcd/setup.sh
2024/04/08 21:07:31 [INFO] /root/Conan/server/injector.go:30 Injector run, receive testSeq [FTP Before Leader MsgAppResp][FIP EnumMessageFault  Delay for 1.181s ][FTP Before Leader MsgApp][FIP EnumNetworkLoss 33 at node2 for 1s][FIP EnumRestartNode Node3][FIP EnumNetworkDelay 1372ms for 2s at node3][FIP EnumMessageFault  Delay for 169ms  Modify term -1 ]
2024/04/08 21:07:31 [INFO] /root/Conan/server/monitor.go:53 /root/Conan/systems/etcd/findLeader.sh
2024/04/08 21:07:31 [INFO] /root/Conan/server/monitor.go:60 Current leader num 2

2024/04/08 21:07:31 [INFO] /root/Conan/server/monitor.go:62 Run etcd workload
2024/04/08 21:07:31 [INFO] /root/Conan/server/monitor.go:64 python3 /root/Conan/systems/etcd/workload/workload.py
2024/04/08 21:07:32 [INFO] /root/Conan/server/monitor.go:87 Current leader num 2

2024/04/08 21:07:32 [INFO] /root/Conan/server/monitor.go:105 Fitness score: 0
2024/04/08 21:07:51 [INFO] /root/Conan/server/injector.go:42 Injector stop
2024/04/08 21:07:51 [INFO] /root/Conan/server/checker.go:27 Checker run
2024/04/08 21:07:51 [ERROR] /root/Conan/server/checker.go:31 No Value

2024/04/08 21:07:51 [ERROR] /root/Conan/server/checker.go:32 =====================CHECK ERROR=====================
2024/04/08 21:07:51 [INFO] /root/Conan/server/checker.go:49 Store sequence to file 1712581671.json
2024/04/08 21:07:51 [INFO] /root/Conan/server/action.go:160 1.181s 0
2024/04/08 21:07:51 [INFO] /root/Conan/server/action.go:160 169ms -1
