2024/04/08 20:42:12 [INFO] /root/Conan/server/server.go:131 Start in Detect mode
2024/04/08 20:42:12 [INFO] /root/Conan/server/server.go:132 Target System is etcd
2024/04/08 20:42:12 [INFO] /root/Conan/server/monitor.go:35 Setup etcd cluster
2024/04/08 20:42:12 [INFO] /root/Conan/server/monitor.go:37 python3 /root/Conan/systems/etcd/setup.py
2024/04/08 20:42:12 [INFO] /root/Conan/server/injector.go:19 Injector start
2024/04/08 20:42:12 [INFO] /root/Conan/server/checker.go:19 Checker Start
2024/04/08 20:42:12 [INFO] /root/Conan/server/monitor.go:26 Monitor start
2024/04/08 20:42:12 [INFO] /root/Conan/server/fuzzer.go:122 Init seed seq [FTP Before Leader MsgApp][FIP EnumMessageFault ]
2024/04/08 20:42:12 [INFO] /root/Conan/server/fuzzer.go:122 Init seed seq [FTP Before Leader MsgAppResp][FIP EnumMessageFault  Delay for 1.8s  Modify term 1 ]
2024/04/08 20:42:12 [INFO] /root/Conan/server/fuzzer.go:122 Init seed seq [FTP Before Follower MsgApp][FIP EnumRestartNode Node2][FIP EnumCPUHog 72 for 5s at node3][FIP EnumCPUHog 5 for 3s at node1][FIP EnumMessageFault ]
2024/04/08 20:42:12 [INFO] /root/Conan/server/fuzzer.go:122 Init seed seq [FTP Before Follower MsgAppResp][FIP EnumNetworkDelay 588ms for 2s at node3][FIP EnumNetworkDelay 512ms for 4s at node3][FIP EnumNetworkLoss 41 at node3 for 2s][FIP EnumMessageFault ]
2024/04/08 20:42:12 [INFO] /root/Conan/server/monitor.go:52 /root/Conan/systems/etcd/findLeader.sh
2024/04/08 20:42:12 [INFO] /root/Conan/server/monitor.go:59 Current leader num /root/Conan
/root/Conan
/root/Conan
2

2024/04/08 20:42:12 [INFO] /root/Conan/server/monitor.go:61 Run etcd workload
2024/04/08 20:42:12 [INFO] /root/Conan/server/monitor.go:63 python3 /root/Conan/systems/etcd/workload/workload.py
2024/04/08 20:42:12 [INFO] /root/Conan/server/monitor.go:86 Current leader num /root/Conan
/root/Conan
/root/Conan
2

2024/04/08 20:42:12 [INFO] /root/Conan/server/server.go:32 Start Server....
2024/04/08 20:42:37 [INFO] /root/Conan/server/fuzzer.go:163 select seed seq [FTP Before Follower MsgApp][FIP EnumRestartNode Node2][FIP EnumCPUHog 72 for 5s at node3][FIP EnumCPUHog 5 for 3s at node1][FIP EnumMessageFault ]
2024/04/08 20:42:37 [INFO] /root/Conan/server/fuzzer.go:177 Select op *main.InsertFIPOp
2024/04/08 20:42:37 [INFO] /root/Conan/server/operator.go:133 Insert FIP at 0 3
2024/04/08 20:42:37 [INFO] /root/Conan/server/action.go:160 0s 0
2024/04/08 20:42:37 [INFO] /root/Conan/server/monitor.go:35 Setup etcd cluster
2024/04/08 20:42:37 [INFO] /root/Conan/server/monitor.go:37 python3 /root/Conan/systems/etcd/setup.py
2024/04/08 20:42:37 [INFO] /root/Conan/server/injector.go:30 Injector run, receive testSeq [FTP Before Follower MsgApp][FIP EnumRestartNode Node2][FIP EnumCPUHog 72 for 5s at node3][FIP EnumRestartNode Node2][FIP EnumMessageFault ][FIP EnumMessageFault ]
2024/04/08 20:42:37 [INFO] /root/Conan/server/monitor.go:52 /root/Conan/systems/etcd/findLeader.sh
2024/04/08 20:42:37 [INFO] /root/Conan/server/monitor.go:59 Current leader num /root/Conan
/root/Conan
/root/Conan
2

2024/04/08 20:42:37 [INFO] /root/Conan/server/monitor.go:61 Run etcd workload
2024/04/08 20:42:37 [INFO] /root/Conan/server/monitor.go:63 python3 /root/Conan/systems/etcd/workload/workload.py
2024/04/08 20:42:37 [INFO] /root/Conan/server/monitor.go:86 Current leader num /root/Conan
/root/Conan
/root/Conan
2

2024/04/08 20:42:37 [INFO] /root/Conan/server/monitor.go:104 Fitness score: 0
